S01E00006275696C642F6D696361322F6D61696E2E737265632E322E6F757441
S11300000C94BC010C94D9010C94D9010C94D90121
S11300100C94D9010C94D9010C94D9010C94D901F4
S11300200C94D9010C94D9010C94D9010C94D901E4
S11300300C94D9010C94D9010C94D9010C94DF06C9
S11300400C94D9010C943A020C9463020C94D901D7
S11300500C948D020C942C080C94D9010C94D901A5
S11300600C94D9010C94D9010C94D9010C94D901A4
S11300700C94D9010C94D9010C94D9010C94D90194
S11300800C94D9010C94D9010C94D901001C005E84
S113009000FA017301EA04BC0A5E050202020202CC
S11300A002000000140055008700B901E5043D007A
S11300B0080808080808AEEFEFEFEFEFEF3158003B
S11300C00057F685035544020F60E0261C6F5570F7
S11300D0010000000000000000008101317C0000EC
S11300E07BF9AE02388C3280401026A16F55100186
S11300F0000000000000000000F301315100005036
S1130100F74F030E44020F58E026A16F557001000B
S113011000000000000000008101315CE0005CDBB5
S11301204201AA8C3280301026A16F5510010000C4
S113013000000000000000F301314560004555BB9C
S1130140039C80020F68E026A16F54700100000038
S113015000000000000081013158000057F68503BB
S11301605590020F60E026A16F5570010000000059
S1130170000000000081010000211042206330844F
S113018040A550C660E770088129914AA16BB18CE3
S1130190C1ADD1CEE1EFF13112100273325222B56A
S11301A0529442F772D662399318837BB35AA3BD33
S11301B0D39CC3FFF3DEE36224433420040114E63A
S11301C064C774A44485546AA54BB528850995EE83
S11301D0E5CFF5ACC58DD55336722611163006D74A
S11301E076F6669556B4465BB77AA719973887DFD3
S11301F0F7FEE79DD7BCC7C448E5588668A7784092
S113020008611802282338CCC9EDD98EE9AFF94822
S11302108969990AA92BB9F55AD44AB77A966A71A9
S11302201A500A333A122AFDDBDCCBBFFB9EEB7972
S11302309B588B3BBB1AABA66C877CE44CC55C22F9
S11302402C033C600C411CAEED8FFDECCDCDDD2AC2
S1130250AD0BBD688D499D977EB66ED55EF44E1389
S11302603E322E511E700E9FFFBEEFDDDFFCCF1B12
S1130270BF3AAF599F788F8891A981CAB1EBA10C7D
S1130280D12DC14EF16FE18010A100C230E32004F2
S113029050254046706760B9839893FBA3DAB33D59
S11302A0C31CD37FE35EF3B1029012F322D2323542
S11302B042145277625672EAB5CBA5A89589856E29
S11302C0F54FE52CD50DC5E234C324A01481046692
S11302D074476424540544DBA7FAB79987B8975F39
S11302E0E77EF71DC73CD7D326F2369106B01657E2
S11302F0667676154634564CD96DC90EF92FE9C881
S113030099E9898AB9ABA94458654806782768C031
S113031018E1088238A3287DCB5CDB3FEB1EFBF998
S11303208BD89BBBAB9ABB754A545A376A167AF181
S11303300AD01AB32A923A2EFD0FED6CDD4DCDAAE8
S1130340BD8BADE89DC98D267C076C645C454CA2D1
S11303503C832CE01CC10C1FEF3EFF5DCF7CDF9B78
S1130360AFBABFD98FF89F176E367E554E745E9321
S11303702EB23ED10EF01E0011241FBECFEFD0E1ED
S1130380DEBFCDBF11E0A0E0B1E0E2E1F4E200E0C5
S11303900BBF02C007900D92A430B107D9F712E049
S11303A0A4E0B1E001C01D92A238B107E1F70C94BA
S11303B0DA020C940000AF92BF92CF92DF92EF92D8
S11303C0FF920F931F93CF93DF9386EEF82EA090A6
S11303D07602B0907702C0907802D0907902A1148E
S11303E0B104C104D10481F1EE2464E172E000E0BF
S11303F010E081E090E0002E02C0880F991F0A945B
S1130400E2F7AA2797FDA095BA2F8A219B21AC2158
S1130410BD210097A105B10579F02F2D332744277D
S11304205527FB0185819681A781B08582179307A3
S1130430A407B5070CF4F580E3940F5F1F4F675FC3
S11304407F4FF2E0FE15A8F68FB7F8949927F09243
S11304504302F1BE109238028FBF0E94AE06DF91B4
S1130460CF911F910F91FF90EF90DF90CF90BF90AD
S1130470AF9008951F920F920FB60F9211242F93ED
S11304803F934F935F936F937F938F939F93AF9318
S1130490BF93EF93FF939FB18091BD018FB9892FD3
S11304A00E94ED08FF91EF91BF91AF919F918F91C1
S11304B07F916F915F914F913F912F910F900FBE5C
S11304C00F901F9018951F920F920FB60F92112440
S11304D02F933F934F935F936F937F938F939F9348
S11304E0AF93BF93EF93FF935F9B06C08CB140E043
S11304F050E060E00E94C00BFF91EF91BF91AF917B
S11305009F918F917F916F915F914F913F912F9127
S11305100F900FBE0F901F90189578941F920F9212
S11305200FB60F9211242F933F934F935F936F93C2
S11305307F938F939F93AF93BF93EF93FF930E9407
S11305408C0DFF91EF91BF91AF919F918F917F910E
S11305506F915F914F913F912F910F900FBE0F902C
S11305601F901895AC018FB7F894282F3327E0918A
S11305703502809135028F5F809335028091350278
S1130580877080933502909135028091DF0198172E
S113059059F02FBFFF27EE0FFF1FEA55FE4F408390
S11305A0518381E090E00895E09335022FBF80E00D
S11305B090E00895CFEFD0E1DEBFCDBFD29AD09ABC
S11305C0D19AD698A79AA69AA59AA49AA39AA29AD7
S11305D0A19AA09A8C9A8F9A8E9ABB98BF98D49815
S11305E0DC98D39A8B9A8D9ADB9ADA9AD89AD99A0C
S11305F083E08C5F8739E8F310E08AE0809395010B
S1130600109335021093DF0110932F028FB7F894E3
S1130610992710935802DA9AD89AD99A8FBF0E94D0
S113062049050E9449050E9478058FB7F8949927D7
S113063010933A028FBF8FB7F894282F332781E0A5
S113064090E080939201812F8E5F8093040184EE69
S113065091E090933702809336021093E80182E28E
S113066090E090933102809330021093A301109292
S11306707B0210927A0210929E0110929D011092B8
S1130680B8011092B7011093900110938C0110934C
S113069053028FEF9FEF90933C0280933B02909321
S11306A03E0280933D021093130210934102E6EB45
S11306B0F0E0849199279093100280930F022FBF4A
S11306C08FB7F8949927B998BB98BA986B986A9899
S11306D06F9A6E9A8FBFD6988C9A8E9A8F9A949AA4
S11306E0979A969A6AE3812F0E94BC056BE3812F47
S11306F00E94BC0580ED97E00000000000000000AF
S11307000000000000000000019718161906A4F369
S113071080E88093C901682F8BE00E94BC0580E9C2
S11307208093CB01682F84E00E94BC051092CD0118
S11307308FE68093CE0185E58093CF010E94E0058A
S113074011E01093D101612F83E10E94BC05109345
S1130750DC01AFEBB1E0EDEDF0E02DE130E08491B0
S11307608D9321503040319637FFF9CF0E94E00538
S113077011E0CFEBD1E08991682F812F0E94BC0555
S11307801F5F1D30C0F38091D001682F82E10E9469
S1130790BC0560E08BE00E94BC056FE382E40E942C
S11307A0BC0561E180E00E94BC0566EA8EE00E941F
S11307B0BC058EE00E94F30583FFFBCF66E28EE06A
S11307C00E94BC0561EE80E00E94BC058091DB01C3
S11307D0682F89E00E94BC0560E08BE00E94BC05A4
S11307E066EA8EE00E94BC05CEE08C2F0E94F305E1
S11307F083FFFACF66E28C2F0E94BC0580E98093C8
S1130800CB01682F8DE00E94BC058091DC01282F6C
S113081033278FB7F894992720936B028FBF0E94D8
S113082026068FB7F894992710925D028FBF8FB771
S1130830F8949927109281021092800210925C021F
S113084010925B021092E3011092E2018FBF0E94AA
S113085026068FB7F8949927C6B917B88FBF8FB7F4
S1130860F894482F5527209100013091010181E52A
S113087097E3289FB001299F700D389F700D1124B4
S1130880CB018F5A984C90935102809350029093CD
S11308907E0280937D0285E89FE0289FF001299FD6
S11308A0F00D389FF00D1124CF018B57904F90938A
S11308B09701809396014FBF0E94490580910001E2
S11308C090910101909373028093720210927502C9
S11308D01092700210926F02109212021092110282
S11308E021E030E040E050E060E0862F0E944106C5
S11308F00E947805109290008FE089B972E07BB96C
S1130900A6E0A093950088ED8AB98FB7F89499274B
S1130910609192018FBF613009F07DC08FB7F89468
S1130920482F5527E0913602F091370214827093D4
S1130930920110928C01109290018FEF9FEF90938F
S11309403C0280933B02809113029927880F991FE0
S1130950FC01E457FF4F24913327322F222783577A
S11309609F4FFC0184919927282B392B30939C01AC
S113097020939B014FBF80914102882369F56BE36B
S11309800E94BC0580ED97E000000000000000001C
S11309900000000000000000019718161906A4F3D7
S11309A069E380E00E94BC0588EC90E00000000050
S11309B0000000000000000000000000019718166D
S11309C01906A4F3BB98BA980E94C00680EC8DB9AE
S11309D0B8980E94AE061FC09927880F991FFC0182
S11309E0EF55FF4F24913327322F22278E559F4FE7
S11309F0FC0184919927282B392B8FB7F8949927D8
S1130A00A09392018FBFC901AA27BB279C01AD0106
S1130A10872F0E94410628EE33E040E050E060E07A
S1130A2081E00E944106109275020E94AE067894FD
S1130A309091DF0180913502981719F480E090E0DD
S1130A401FC08FB7F894282F33279091DF0180912E
S1130A50DF018F5F8093DF018091DF0187708093D6
S1130A60DF01E92FFF27EE0FFF1FEA55FE4F8081BC
S1130A709181108211822FBFFC01099581E090E0E1
S1130A808823B1F685B7806285BF88950000000091
S1130A90CFCF1092760210927702109278021092C1
S1130AA07902109238028FEF80937C0280938A013E
S1130AB01092A40183E08093390296EE909343024E
S1130AC08FB7F894282F332787B78E7F87BF87B7D0
S1130AD08D7F87BF80B7886080BF8BE083BF12BEE5
S1130AE091BF87B7826087BF2FBF81E090E00895F0
S1130AF08FB7F894682F80E090E042E351E09C01C6
S1130B00F901E80FF91FEC5BFD4F44835583128212
S1130B101382118201962B5F3F4F455D5F4F8230F8
S1130B20910574F310926A02109233021092320209
S1130B3010929401109293011092060110920501F3
S1130B4010928901109288011092690210923F025A
S1130B5010926C0210929A01109299011092BA01AB
S1130B601092B901809148029091490290935602E3
S1130B70809355026FBF0895880F949896E087FF7D
S1130B8002C0979A01C097989698969A880F9150A8
S1130B9097FFF5CF979A9698969A949A97E067FF5D
S1130BA002C0979A01C097989698969A660F9150AA
S1130BB097FFF5CF949A979A969A81E090E00895DA
S1130BC08091CD01682F8FE00E94BC058091CE01F9
S1130BD0682F80E10E94BC058091CF01682F81E1DC
S1130BE00E94BC05089590E0880F949826E030E0B8
S1130BF087FF02C0979A01C097989698969A880F93
S1130C002150304037FFF4CF27E030E09798969892
S1130C10969A8F98949A969840E050E0879941E08C
S1130C20892F992721503040442329F0880F991F98
S1130C30982F916002C0982F990F969A37FFEBCFA7
S1130C40949A8F9A979A892F992708958FB7F89431
S1130C50282F80919801882391F480E090E0EDE5BD
S1130C60F2E0819301968C309105DCF38EE1809360
S1130C7067028FE18093680281E0809398012FBF1F
S1130C800895CF92DF92EF92FF920F931F93CF9329
S1130C90DF9379018A01833010F462301CF080E024
S1130CA090E053C0282F3327F901A3E0EE0FFF1F74
S1130CB0AA95E1F7E20FF31FEC5EFD4FE182F282A9
S1130CC00383148360838FB7F894C82FDD2782B71A
S1130CD0E80EF11C011D111DE582F68207831087C1
S1130CE071E0C72ED12CC60102C0880F991F2A9526
S1130CF0E2F79C01442737FD4095542F80917602FA
S1130D0090917702A0917802B0917902822B932B73
S1130D10A42BB52B8093760290937702A09378024C
S1130D20B0937902809143029927AA27BB27E8163A
S1130D30F9060A071B0738F4E0924302E1BE109259
S1130D4038020E94AE06CFBFC601DF91CF911F913A
S1130D500F91FF90EF90DF90CF9008958091030161
S1130D60882329F489E09FE00E94B20206C085B777
S1130D70837E85BF85B7806285BF80E090E008955B
S1130D8061E180E00E94BC058091C701682F89E081
S1130D900E94BC0560E08BE00E94BC058AEF90E0F5
S1130DA0000000000000000000000000000000003F
S1130DB0019718161906A4F381E090E00895789439
S1130DC01F920F920FB60F9211242F933F934F93BC
S1130DD05F936F937F938F939F93AF93BF93EF939F
S1130DE0FF938FB7F894282F33278091A501882388
S1130DF069F08091340280935402886080933402B5
S1130E0083BF8091B60181BF1092A5012FBF8CE5ED
S1130E109EE00E94B202FF91EF91BF91AF919F912A
S1130E208F917F916F915F914F913F912F910F908F
S1130E300FBE0F901F9018956F98B89AC0980E9493
S1130E40AE0681E090E00895CF93C1E020E08FB733
S1130E50F894382F80916A02882391F580917F025B
S1130E60992781FF08C080E492E09093DE0180938B
S1130E70DD0180E41AC082FF0FC0E0918801F09187
S1130E808901F093DE01E093DD0182E480938B011C
S1130E908481992705960DC083FF12C081E991E0F2
S1130EA09093DE018093DD018FEF80938B0181E0CD
S1130EB090E090939401809393012C2FC0936A0245
S1130EC03FBF2223F1F08FB7F894992710920601BF
S1130ED01092050110923302109232028FBF8EE7F6
S1130EE00E948507C82F813061F08FB7F894282FAE
S1130EF0332788E080936A022FBF8AE997E00E9433
S1130F00B2028C2F9927CF910895482F8FB7F89468
S1130F10282F332790913A0281E080933A022FBF21
S1130F20992319F080E090E008954CB95E9A81E02D
S1130F3090E0089561E08FB7F894282F33278091CB
S1130F406A02883019F460E060936A022FBF8091CE
S1130F508B0190917F02803451F48FB7F894282F3D
S1130F60332782E0982790937F022FBF17C08FB753
S1130F70F894282F332784E0982790937F022FBF7B
S1130F8080918801909189010E94D1078FB7F894CC
S1130F90992710928901109288018FBF0E9424071B
S1130FA00895FC01109275028281843049F4809185
S1130FB02F02882329F0E750F14011F410922F02F8
S1130FC081E090E008958FB7F894482F5527209139
S1130FD0500230915102832F881F8827881F220FC7
S1130FE0331F882321F08BE090E1282739272F5FD6
S1130FF03F4F30935102209350028091960190917B
S11310009701282739274FBFC9010895FC01209172
S11310100001309101018091110290911202019618
S1131020909312028093110282A193A1019791F4EB
S1131030938180910201981769F4808191814FEF27
S11310408F3F940719F08217930721F483E08C5F94
S11310508B32E8F3CF0108951F920F920FB60F92CF
S11310601124FF920F931F932F933F934F935F93FA
S11310706F937F938F939F93AF93BF93CF93DF939C
S1131080EF93FF93C4B1D5B1D370349A3798789461
S11310908FB7F894F82E80918002082F112721E051
S11310A030E0002E02C0220F331F0A94E2F7809131
S11310B05B0290915C0282239323892B61F4209537
S11310C030958091E2019091E301822393239093E0
S11310D0E3018093E2014091E2015091E301411563
S11310E0510511F120918002309181022F5F3F4F11
S11310F02C30310511F0C90102C080E090E09C0160
S113110081E090E0022E02C0880F991F0A94E2F752
S113111084239523892B51F33093810220938002F9
S1131120809180020E94DB08FFBE0115110569F45D
S11311308FB7F894282F3327D0933E02C0933D02F3
S113114081E0809353022FBF01C080E099272FB71D
S1131150F8948823C9F461E070E002C0660F771F39
S11311600A95E2F740915B0250915C02CA01862322
S11311709723892B49F0CB018095909548235923D7
S113118050935C0240935B022FBFFF91EF91DF917C
S1131190CF91BF91AF919F918F917F916F915F910B
S11311A04F913F912F911F910F91FF900F900FBE80
S11311B00F901F901895982F8FB7F894282F3327E6
S11311C0EDE5F2E0E90FF11D80818F7187B92FBF42
S11311D0379A369A81E090E008951F93CF93682F51
S11311E080916B028111609580919201482F55275F
S11311F04230510509F4ADC04330510524F4411582
S1131200510571F0B8C24430510509F47EC144302F
S113121051050CF404C14530510509F4EEC1ABC2CB
S1131220209157028FB7F89499272093BD018FBF5F
S113123060916D0270916E026F5F7F4F70936E02CA
S113124060936D028091040199278430910559F1CE
S11312508530910534F48230910559F00397B1F04B
S11312606AC08630910509F45EC006970CF44BC041
S113127062C080919B0190919C016817790708F4E2
S11312807AC283E38093570283E052C08CEC80934C
S1131290570284E0809304018FEF9FEF90936E02D6
S11312A080936D0268C280916D02282F332780914C
S11312B09F019091A00128173907F8F4E091590291
S11312C0F0915A02E60FF71F208120935702809174
S11312D0BB019091BC01E7E7F1E02927220FF11D42
S11312E0E20FF11DC895982F802D3196C895902551
S11312F09093BC018093BB013EC28091BB0180935B
S1131300570285E015C08091BB019091BC01892FE3
S113131099278093570286E08093040150936E02CC
S113132040936D0228C26430710508F424C287E03A
S11313308093040120C2BB98BA980E94C006109200
S1131340900183E89FE00E94B202882309F413C24B
S1131350AFC16A3A11F0653571F520917A02309186
S11313607B022F5F3F4F30937B0220937A02809160
S11313704102E82FFF27E656FF4F849199278217F1
S1131380930708F0F8C11092740210927B02109235
S11313907A021092E1011092E0011092A3011092DE
S11313A0BC011092BB0182E290E0909331028093E1
S11313B0300284E07EC180919001882309F4DBC16E
S11313C080913B0290913C02019790933C02809360
S11313D03B02181619060CF4CEC1109253028FB7B3
S11313E0F894C82F2091E2013091E30120FD10C050
S11313F0C90181609093E3018093E20121153105D5
S113140039F4309381022093800280E00E94DB084B
S1131410CFBF10927B0210927A0283E04AC16A3AEB
S113142009F45EC0653509F45BC0809153028823DA
S113143009F4A1C180914102E82FFF27EA54FF4F2C
S11314408491282F332780913D0290913E022817E2
S1131450390708F045C061EE80E00E94BC05809128
S1131460DB01682F89E00E94BC058AEF90E0000050
S113147000000000000000000000000000000197D0
S113148018161906A4F38091C901682F8BE00E94F5
S1131490BC0584E190E000000000000000000000B2
S11314A0000000000000019718161906A4F3BB9A67
S11314B0BA9A10926E0210926D021092BC011092B0
S11314C0BB011092920182E0809304012AEA2093E6
S11314D057028FB7F89499272093BD018FBF4BC152
S11314E00E94E3078F70907024E230E0829FA00195
S11314F0839F500D929F500D1124CA01820F931F98
S113150090933C0280933B02D3C06A3A11F0653554
S113151019F46093B8012FC1809174029927009740
S113152021F003970CF060C003C06093B7015FC063
S11315302091B7013091B801922F88279093B80178
S11315408093B7016093B70110E0220F331F67FD4A
S11315502160660F53E32C3C350709F040C0E0914D
S11315603602F091370244814423B9F08FB7F894DE
S1131570382F2091580220FF06C08FB7F89499277E
S1131580DA9A2E7F05C08FB7F8949927DA982160EC
S1131590209358028FBF3FBF27C085E080939201FC
S11315A08FB7F894C82F2091E2013091E30120FD18
S11315B010C0C90181609093E3018093E201211579
S11315C0310539F43093810220938002842F0E94E4
S11315D0DB08CFBF87E0811B8093A30108C01F5F96
S11315E0183008F4B2CF03C082E080939201809156
S11315F074028F5F80937402BEC08091B701909192
S1131600B801982F88279093B8018093B70160930D
S1131610B7012091B7013091B8010090A30102C035
S1131620369527950A94E2F7622FE0913602F091FD
S113163037028091E0019091E101E80FF91F2083C6
S11316404091E0015091E1014F5F5F4F5093E10100
S11316504093E0018091300290913102481759077C
S113166098F58091BB019091BC01E7E7F1E069270F
S1131670660FF11DE60FF11DC895982F802D319648
S1131680C89590259093BC018093BB0145305105CA
S113169009F071C0E0913602F091370284819927F4
S11316A090933102809330028E31910528F0148298
S11316B082E0809392015FC00097F1F005969093C9
S11316C031028093300257C048175907E1F48091E2
S11316D0BB019091BC01E7E7F1E06927660FF11DBA
S11316E0E60FF11DC895982F802D3196C895902549
S11316F09093BC018093BB0182E290E09093E1015E
S11317008093E00138C044325105A8F1E0913602DB
S1131710F091370222A133A18091BB019091BC01C9
S11317202817390729F481E090E082A393A302C02B
S113173012A213A20E941C07C2E0C0939201E0917E
S11317403602F091370280913D0290913E0284A3CB
S113175095A381E49FE00E94B202882361F4E091A2
S11317603602F09137028483C093920180EC8DB9E4
S1131770B8980E94AE0681E090E0CF911F91089541
S1131780382F8091690299278230910509F46BC042
S1131790833091052CF4009759F0019781F1B7C17A
S11317A08330910509F49CC0049709F459C1AFC171
S11317B03E3709F0AEC180913F029927FC01EE0F3C
S11317C0FF1FEE0FFF1FE80FF91FE80FF91FEC5B77
S11317D0FD4F82819381009709F09BC11182909300
S11317E0BA018093B90190939A01809399018481FD
S11317F09581909356028093550281E085C13E37CE
S113180009F487C180913F029927FC01EE0FFF1F65
S1131810EE0FFF1FE80FF91FE80FF91FEC5BFD4FF8
S113182030838091B9019091BA01E7E7F1E0232F69
S11318302927220FF11DE20FF11DC895982F802D45
S11318403196C89590259093BA018093B901832F5E
S113185099278134910529F08234910509F453C103
S113186056C182E051C13E3709F451C160913F0233
S11318703D3781F4862F9927FC01EE0FFF1FEE0FF1
S1131880FF1FE80FF91FE80FF91FEC5BFD4F80E223
S113189081833FC1862F9927FC01EE0FFF1FEE0FB6
S11318A0FF1FE80FF91FE80FF91FEC5BFD4F2181C3
S11318B0232721838091B9019091BA01E7E7F1E0F0
S11318C02927220FF11DE20FF11DC895982F802DB5
S11318D03196C89590259093BA018093B90113C1AC
S11318E04091990150919A014C32510508F0BAC0C7
S11318F03D3711F484E008C13E3709F07FC042301F
S1131900510508F45FC0E0915502F0915602E40FCE
S1131910F51F82919927382F222782919927282B06
S1131920392B8091B9019091BA0160913F02281737
S11319303907E1F4862F9927FC01EE0FFF1FEE0F04
S1131940FF1FE80FF91FE80FF91FEC5BFD4F425032
S113195050404283538388E99FE00E94B202809101
S11319603F028F5F817080933F0210C0862F9927BA
S1131970FC01EE0FFF1FEE0FFF1FE80FF91FE80F2A
S1131980F91FEC5BFD4F12821382118280913F029A
S11319909927FC01EE0FFF1FEE0FFF1FE80FF91F41
S11319A0E80FF91FEC5BFD4F82819381892BD9F4F9
S11319B084819581909356028093550281E08093AF
S11319C0690213C080913F029927FC01EE0FFF1FAB
S11319D0EE0FFF1FE80FF91FE80FF91FEC5BFD4F37
S11319E0128213821182109269021092BA0110922B
S11319F0B90110929A01109299018BC0E09155029D
S1131A00F0915602E40FF51F3083409199015091F3
S1131A109A0142305105E8F02091B9013091BA01A0
S1131A20E0915502F0915602E40FF51F3297808140
S1131A30E7E7F1E08327880FF11DE80FF11DC89552
S1131A40322F202D3196C89530253093BA0120933A
S1131A50B9014F5F5F4F50939A014093990159C068
S1131A603E37D1F41092BA011092B90110929A0142
S1131A701092990180913F029927FC01EE0FFF1FFC
S1131A80EE0FFF1FE80FF91FE80FF91FEC5BFD4F86
S1131A901282138211823BC080E28327E0915502B7
S1131AA0F09156022091990130919A01E20FF31FAF
S1131AB080834091990150919A0142305105E8F098
S1131AC02091B9013091BA01E0915502F09156028A
S1131AD0E40FF51F32978081E7E7F1E08327880F51
S1131AE0F11DE80FF11DC895322F202D3196C895B0
S1131AF030253093BA012093B9014F5F5F4F509363
S1131B009A014093990183E08093690202C0109284
S1131B10690281E090E008958FB7F89499272091A5
S1131B203A0210923A028FBF222309F4A4C0809192
S1131B306A02873031F410926A028AE997E00E94BF
S1131B40B20221E080916A0299278430910509F458
S1131B506EC08530910554F48230910561F1833073
S1131B6091050CF058C0019749F07CC0863091056E
S1131B7009F471C006970CF463C074C082E08093CA
S1131B806A02209105013091060180918B01E7E7FB
S1131B90F1E08327880FF11DE80FF11DC895322F5E
S1131BA0202D3196C89530253093060120930501E8
S1131BB080918B0154C0E091DD01F091DE01209110
S1131BC0320230913302E20FF31F508180910501FC
S1131BD090910601E7E7F1E0452F4927440FF11DF5
S1131BE0E40FF11DC895982F802D3196C895902546
S1131BF090930601809305012F5F3F4F309333028A
S1131C00209332028091930190919401281739070F
S1131C1098F084E00FC08091710290E289270E94BD
S1131C208507282F8091520280936A021BC050912D
S1131C30050185E080936A02852F0E943E0E11C043
S1131C408091050190910601292F332786E0809326
S1131C506A02822FF2CF87E080936A028EE70E94A5
S1131C608507282F213039F088E080936A028AE9B9
S1131C7097E00E94B20281E090E00895982F8D577A
S1131C80823078F48FB7F894282F332780916A0232
S1131C908093520283E080936A02909371022FBF73
S1131CA09DE7892F0E948507992708958FBF08957E
S1131CB08FB7F894992708958F929F92AF92BF920D
S1131CC0DF92EF92FF920F931F93CF93DF9381E004
S1131CD0809338028091760290917702A0917802E5
S1131CE0B09179020097A105B10509F484C0DD24FF
S1131CF004E112E0EE24FF2461E070E00E2C02C047
S1131D00660F771F0A94E2F7CB01AA2797FDA095E7
S1131D10BA2F8090760290907702A0907802B090CB
S1131D20790288219921AA21BB210097A105B10537
S1131D3009F457C08091430299270196AA2797FD79
S1131D40A095BA2FF8012581368147815085281B3B
S1131D50390B4A0B5B0B258336834783508723302B
S1131D60310541055105ECF58081882369F48181B1
S1131D709281A381B481280F391F4A1F5B1F2583D9
S1131D8036834783508713C0CB0180959095AA274B
S1131D9097FDA095BA2F88229922AA22BB2280926D
S1131DA0760290927702A0927802B09279028091A2
S1131DB07C02823019F48FEF80937C0290917C0234
S1131DC09F5F90937C028091A4018F5F8093A40114
S1131DD0E92FFF27E357FE4FD0828AE090E10E946B
S1131DE0B202D3940894E11CF11C075F1F4FF2E088
S1131DF0FD1508F081CF0E94DB01DF91CF911F9187
S1131E000F91FF90EF90DF90BF90AF909F908F90D5
S1131E10089587B799278C7F009719F080E090E0A8
S1131E201AC06F9918C0379B03C088E090E013C0B4
S1131E3087B7992783709070892B59F081B792B72F
S1131E40891B803118F48CE190E005C088E190E0B2
S1131E5002C080E190E0382F25B7237E8C3121F039
S1131E60883111F008C0000080B7992787709070FE
S1131E70892BC9F7237E232B25BF85B7806285BFB5
S1131E8008958FB7F894682F7727E0913602F09180
S1131E90370217A210A684A195A19C01220F331F1B
S1131EA0220F331F280F391F40910F025091100247
S1131EB0CA01880F991F840F951F280F391F73E0DB
S1131EC0369527957A95E1F73093100220930F0207
S1131ED06FBFCF010E9406089C018FB7F894992721
S1131EE02115310521F03093370220933602E09119
S1131EF03602F091370214828FBF80EC8DB9B89806
S1131F000E94AE0608958FB7F8949927E09159027C
S1131F10F0915A0217A210A68FBF61E0CF010E9470
S1131F20D1078FB7F894992710928C018FBF089529
S1131F300F931F93CF93DF9390916C0286E0989F49
S1131F40800111240C5B1D4FF801C481D58182816D
S1131F509381059780F12081822F992781349105FF
S1131F6059F08234910524F48034910521F11DC087
S1131F708234910571F019C081E090E08AA39BA39B
S1131F80F80181818093420284EF9FE00E94B202B3
S1131F9004C081E090E08AA39BA3809102018B831B
S1131FA0CE010E940608EC0106C0209391018CEF3B
S1131FB091E10E94B2028FB7F894282F332720971B
S1131FC019F0F801C483D583F801128213821182B7
S1131FD080916C028F5F817080936C022FBFDF91C0
S1131FE0CF911F910F9108952091420231E08FB754
S1131FF0F89490917F0291FD06C0926090937F02C5
S11320002093400201C030E08FBF313011F40E94B0
S113201024070895FF920F931F93CF93DF9390911A
S1132020A401992319F483E090E015C080918A01FA
S1132030823019F48FEF80938A0180918A018F5F37
S113204080938A0191509093A401E82FFF27E357CE
S1132050FE4F80819927833008F00CC1C82FDD27FB
S1132060C130D10509F46AC0C230D1051CF42097EF
S113207029F000C1229709F46EC0FCC080912F02A0
S1132080882309F0F7C001E000932F028FB7F8947A
S1132090282F3327809100019091010190930D0125
S11320A080930C012FBF14E0F12E109175021123BF
S11320B039F50093750280E491E10E94B20288230D
S11320C019F4109375021CC087E091E09093A2016B
S11320D08093A101F0920B018FEF9FEF9093080181
S11320E080930701F09209018091020180930A0113
S11320F0802F8E5F8C5F8B32E8F381E090E001C02B
S1132100CE0199278823B9F08FB7F894382F2091FE
S1132110580222FF06C08FB7F8949927D89A2B7FCC
S113212005C08FB7F8949927D89824602093580253
S11321308FBF3FBF9FC080932F029CC0809111022C
S1132140909112029093700280936F021092120287
S1132150109211028FC0E0914102EE2309F48AC06B
S11321608FB7F894992720919201109190018FBF15
S113217033272230310521F02630310591F172C028
S11321808E2F9927880F991FFC01EF55FF4F24913B
S11321903327D22FCC278E559F4FFC01849199274A
S11321A0C82BD92B112309F05DC08FB7F894282FC1
S11321B0332786E0809392012FBFCE01AA27BB2745
S11321C09C01AD0161E082E00E944106612F8BE039
S11321D00E94BC056FE3812F0E94BC050E941C076E
S11321E049C0FF27E155FF4F8491C82FDD278FB7E2
S11321F0F894282F332782E0809392012FBF6BE35A
S113220080E00E94BC0580ED97E000000000000023
S113221000000000000000000000019718161906D5
S1132220A4F369E380E00E94BC0588EC90E0000020
S11322300000000000000000000000000000019702
S113224018161906A4F3BB98BA980E94C00680EC2D
S11322508DB9B8980E94AE06CE01AA27BB279C016F
S1132260AD0104C020E230E040E050E061E082E0F3
S11322700E944106DF91CF911F910F91FF90089525
S11322801F93CF93E091A101F091A20180819181EC
S11322908E379105C1F461E08FB7F89490917F0275
S11322A092FD08C0946090937F02F0938901E093BB
S11322B0880101C060E08FBF613009F092C00E94C4
S11322C02407682F8EC011E08FB7F894C82F80912F
S11322D08C01882311F010E018C010938C01F09346
S11322E05A02E09359028481992705969093A0019C
S11322F080939F010E94E3078F7790708496909358
S11323003C0280933B0210939001CFBF112309F448
S113231067C08FB7F8949927209192018FBF263018
S113232009F05EC040917602509177026091780284
S11323307091790242FF17C08FB7F894282F332782
S1132340DB01CA018B7F8093760290937702A0937E
S11323507802B09379022FBF0097A105B10519F453
S113236081E0809338026BE380E00E94BC0580ED3D
S113237097E00000000000000000000000000000E2
S11323800000019718161906A4F369E380E00E947F
S1132390BC0588EC90E00000000000000000000094
S11323A0000000000000019718161906A4F30E940B
S11323B0C006BB98BA9880EC8DB9B8980E94AE0656
S11323C020E230E040E050E061E082E00E9441061B
S11323D08FB7F894282F332782E0809392012FBF80
S11323E0612F662331F48091A1019091A2010E9492
S11323F0D107CF911F9108958FB7F894282F3327D1
S113240080917F02886080937F022FBF0E942407FF
S1052410089529
S107241202007D0142
S9030000FC
