S01C00006275696C642F6D696361322F6D61696E2E737265632E6F7574A3
S11300000C94BC010C94D9010C94D9010C94D90121
S11300100C94D9010C94D9010C94D9010C94D901F4
S11300200C94D9010C94D9010C94D9010C94D901E4
S11300300C94D9010C94D9010C94D9010C94020CA0
S11300400C94D9010C94DB010C9463020C94D90137
S11300500C948D020C9466080C94D9010C94D9016B
S11300600C94D9010C94D9010C94D9010C94D901A4
S11300700C94D9010C94D9010C94D9010C94D90194
S11300800C94D9010C94D9010C94D901001C005E84
S113009000FA017301EA04BC0A5E050202020202CC
S11300A002000000140055008700B901E5043D007A
S11300B0080808080808AEEFEFEFEFEFEF3158003B
S11300C00057F685035544020F60E0261C6F5570F7
S11300D0010000000000000000008101317C0000EC
S11300E07BF9AE02388C3280401026A16F55100186
S11300F0000000000000000000F301315100005036
S1130100F74F030E44020F58E026A16F557001000B
S113011000000000000000008101315CE0005CDBB5
S11301204201AA8C3280301026A16F5510010000C4
S113013000000000000000F301314560004555BB9C
S1130140039C80020F68E026A16F54700100000038
S113015000000000000081013158000057F68503BB
S11301605590020F60E026A16F5570010000000059
S1130170000000000081010000211042206330844F
S113018040A550C660E770088129914AA16BB18CE3
S1130190C1ADD1CEE1EFF13112100273325222B56A
S11301A0529442F772D662399318837BB35AA3BD33
S11301B0D39CC3FFF3DEE36224433420040114E63A
S11301C064C774A44485546AA54BB528850995EE83
S11301D0E5CFF5ACC58DD55336722611163006D74A
S11301E076F6669556B4465BB77AA719973887DFD3
S11301F0F7FEE79DD7BCC7C448E5588668A7784092
S113020008611802282338CCC9EDD98EE9AFF94822
S11302108969990AA92BB9F55AD44AB77A966A71A9
S11302201A500A333A122AFDDBDCCBBFFB9EEB7972
S11302309B588B3BBB1AABA66C877CE44CC55C22F9
S11302402C033C600C411CAEED8FFDECCDCDDD2AC2
S1130250AD0BBD688D499D977EB66ED55EF44E1389
S11302603E322E511E700E9FFFBEEFDDDFFCCF1B12
S1130270BF3AAF599F788F8891A981CAB1EBA10C7D
S1130280D12DC14EF16FE18010A100C230E32004F2
S113029050254046706760B9839893FBA3DAB33D59
S11302A0C31CD37FE35EF3B1029012F322D2323542
S11302B042145277625672EAB5CBA5A89589856E29
S11302C0F54FE52CD50DC5E234C324A01481046692
S11302D074476424540544DBA7FAB79987B8975F39
S11302E0E77EF71DC73CD7D326F2369106B01657E2
S11302F0667676154634564CD96DC90EF92FE9C881
S113030099E9898AB9ABA94458654806782768C031
S113031018E1088238A3287DCB5CDB3FEB1EFBF998
S11303208BD89BBBAB9ABB754A545A376A167AF181
S11303300AD01AB32A923A2EFD0FED6CDD4DCDAAE8
S1130340BD8BADE89DC98D267C076C645C454CA2D1
S11303503C832CE01CC10C1FEF3EFF5DCF7CDF9B78
S1130360AFBABFD98FF89F176E367E554E745E9321
S11303702EB23ED10EF01E0011241FBECFEFD0E1ED
S1130380DEBFCDBF11E0A0E0B1E0EAE3F4E200E0BB
S11303900BBF02C007900D92A630B107D9F712E047
S11303A0A6E0B1E001C01D92AC37B107E1F70C94AF
S11303B0DA020C9400001F920F920FB60F921124D0
S11303C02F933F934F935F936F937F938F939F9359
S11303D0AF93BF93EF93FF939FB1809193018FB934
S11303E0892F0E942709FF91EF91BF91AF919F91AF
S11303F08F917F916F915F914F913F912F910F90CA
S11304000FBE0F901F901895AF92BF92CF92DF92BC
S1130410EF92FF920F931F93CF93DF9386EEF82E04
S1130420A0907002B0907102C0907202D0907302DA
S1130430A114B104C104D10481F1EE246CEE71E085
S113044000E010E081E090E0002E02C0880F991FC8
S11304500A94E2F7AA2797FDA095BA2F8A219B2137
S1130460AC21BD210097A105B10579F02F2D3327CB
S113047044275527FB0185819681A781B085821782
S11304809307A407B5070CF4F580E3940F5F1F4F9F
S1130490675F7F4FF1E0FE15A8F68FB7F8949927B0
S11304A0F0923C02F1BE109231028FBF0E946406AA
S11304B0DF91CF911F910F91FF90EF90DF90CF903C
S11304C0BF90AF9008951F920F920FB60F92112410
S11304D02F933F934F935F936F937F938F939F9348
S11304E0AF93BF93EF93FF935F9B06C08CB140E043
S11304F050E060E00E943F0CFF91EF91BF91AF91FB
S11305009F918F917F916F915F914F913F912F9127
S11305100F900FBE0F901F90189578941F920F9212
S11305200FB60F9211242F933F934F935F936F93C2
S11305307F938F939F93AF93BF93EF93FF930E9407
S11305400B0EFF91EF91BF91AF919F918F917F918E
S11305506F915F914F913F912F910F900FBE0F902C
S11305601F901895AC018FB7F894282F3327E0918A
S11305702E0280912E028F5F80932E0280912E0294
S1130580877080932E0290912E028091B701981764
S113059059F02FBFFF27EE0FFF1FE458FE4F408393
S11305A0518381E090E00895E0932E022FBF80E014
S11305B090E00895CFEFD0E1DEBFCDBFD29AD09ABC
S11305C0D19AD698A79AA69AA59AA49AA39AA29AD7
S11305D0A19AA09A8C9A8F9A8E9ABB98BF98D49815
S11305E0DC98D39A8B9A8D9ADB9ADA9AD89AD99A0C
S11305F083E08C5F8739E8F310E08AE080936B0135
S113060010932E021093B70110936A028FB7F894D7
S1130610992710935102DA9AD89AD99A8FBF0E94D7
S11306204D050E947C058FB7F894992710933302E7
S11306308FBF8FB7F894282F332781E090E0809301
S11306406801812F8E5F809306018CEB91E090937B
S1130650300280932F021093C00182E290E09093C5
S11306602A02809329021093790110927502109244
S11306707402109274011092730110928E01109200
S11306808D01109366011093630110934C028FEF58
S11306909FEF9093350280933402909337028093B6
S11306A036021093EB0110933A02E6EBF0E08491EA
S11306B099279093E8018093E7012FBF8FB7F894AF
S11306C09927B998BB98BA986B986A986F9A6E9A5A
S11306D08FBFD6988C9A8E9A8F9A949A979A969A54
S11306E06AE3812F0E94C0056BE3812F0E94C0053D
S11306F080ED97E000000000000000000000000012
S113070000000000019718161906A4F380E88093EE
S11307109F01682F8BE00E94C00580E98093A101AE
S1130720682F84E00E94C0051092A3018FE6809395
S1130730A40185E58093A5010E94E40511E01093CE
S1130740A701612F83E10E94C0051093B20193E0D9
S113075021E030E0A5E9B1E08FE1989FF001112498
S1130760E20FF31FE354FF4F84918D932F5F3F4FAC
S11307702F3131058CF30E94E40511E0C5E9D1E085
S11307808991682F812F0E94C0051F5F1D30C0F31F
S11307908091A601682F82E10E94C00560E08BE091
S11307A00E94C0056FE382E40E94C00561E180E01D
S11307B00E94C00566EA8EE00E94C0058EE00E9499
S11307C0F70583FFFBCF66E28EE00E94C00561EE71
S11307D080E00E94C0058091B101682F89E00E94E9
S11307E0C00560E08BE00E94C00566EA8EE00E94CE
S11307F0C005CEE08C2F0E94F70583FFFACF66E296
S11308008C2F0E94C00580E98093A101682F8DE0A0
S11308100E94C0058091B201282F33278FB7F89426
S11308209927209364028FBF0E942A068FB7F894F9
S11308309927109256028FBF8FB7F8949927109278
S11308407B0210927A021092550210925402109276
S1130850BB011092BA018FBF0E942A068FB7F89489
S11308609927C6B917B88FBF8FB7F894482F552763
S1130870209100013091010181E597E3289FB001A7
S1130880299F700D389F700D1124CB018F5A984CFD
S113089090934A028093490290937802809377025E
S11308A085E89FE0289FF001299FF00D389FF00D07
S11308B01124CF018B57904F90936D0180936C015D
S11308C04FBF0E944D0580910001909101019093CA
S11308D06D0280936C0210926F0210926902109262
S11308E068021092EA011092E90181E090E090938D
S11308F0B6018093B5010E947C05109290008FE0B0
S113090089B922E02BB966E06093950088ED8AB935
S11309108FB7F8949927709168018FBF713009F0EF
S11309207EC08FB7F894482F5527E0912F02F0919D
S113093030021482209368011092630110926601C0
S11309408FEF9FEF90933502809334028091EB01F7
S11309509927880F991FFC01E457FF4F24913327EF
S1130960322F222783579F4FFC0184919927282BEC
S1130970392B30937201209371014FBF80913A0259
S1130980882369F56BE30E94C00580ED97E00000C1
S113099000000000000000000000000000000197BB
S11309A018161906A4F369E380E00E94C00588ECD8
S11309B090E00000000000000000000000000000C3
S11309C00000019718161906A4F3BB98BA980E9460
S11309D0450680EC8DB9B8980E94640620C099271A
S11309E0880F991FFC01EF55FF4F24913327322FB5
S11309F022278E559F4FFC0184919927282B392B50
S1130A008FB7F8949927609368018FBFC901AA270B
S1130A10BB279C01AD01672F872F0E94760628EE25
S1130A2033E040E050E060E0862F0E9476061092AA
S1130A306F020E94640678949091B70180912E020F
S1130A40981719F480E090E01FC08FB7F894282F0E
S1130A5033279091B7018091B7018F5F8093B701DD
S1130A608091B70187708093B701E92FFF27EE0FBC
S1130A70FF1FE458FE4F80819181108211822FBFA5
S1130A80FC01099581E090E08823B1F685B7806286
S1130A9085BF889500000000CFCF1092700210929D
S1130AA071021092720210927302109231028FEF4F
S1130AB0809376028093610110927A0183E080939F
S1130AC0320296EE90933C028FB7F894282F332786
S1130AD087B78E7F87BF87B78D7F87BF80B78860D2
S1130AE080BF8BE083BF12BE91BF87B7826087BF90
S1130AF02FBF81E090E008958FB7F894682F80E0CD
S1130B0090E049E051E09C01F901E80FF91FE35C32
S1130B10FD4F4483558312821382118201962B5F09
S1130B203F4F455D5F4F8230910574F3109263022D
S1130B3010922C0210922B0210926A0110926901F9
S1130B4010920801109207011092600110925F0147
S1130B501092620210923802109265021092700193
S1130B6010926F011092900110928F0180914102B6
S1130B709091420290934F0280934E026FBF08956A
S1130B80880F949896E087FF02C0979A01C09798BF
S1130B909698969A880F915097FFF5CF979A9698C2
S1130BA0969A949A97E067FF02C0979A01C0979823
S1130BB09698969A660F915097FFF5CF949A979AC4
S1130BC0969A81E090E008958091A301682F8FE0C8
S1130BD00E94C0058091A401682F80E10E94C00595
S1130BE08091A501682F81E10E94C005089590E0DD
S1130BF0880F949826E030E087FF02C0979A01C0DE
S1130C0097989698969A880F2150304037FFF4CFE2
S1130C1027E030E097989698969A8F98949A9698A9
S1130C2040E050E0879941E0892F992721503040D6
S1130C30442329F0880F991F982F916002C0982FA0
S1130C40990F969A37FFEBCF949A8F9A979A892F98
S1130C50992708958FB7F894282F80916E018823DF
S1130C6091F480E090E0E6E5F2E0819301968C3027
S1130C709105DCF38EE1809360028FE18093610241
S1130C8081E080936E012FBF089561E180E00E94AE
S1130C90C00580919D01682F89E00E94C00560E035
S1130CA08BE00E94C0058AEF90E000000000000085
S1130CB0000000000000000000000197181619064B
S1130CC0A4F381E090E0089580910501882329F43C
S1130CD08BE990E10E94B20206C085B7837E85BF8E
S1130CE085B7806285BF80E090E00895CF92DF925F
S1130CF0EF92FF920F931F93CF93DF9379018A01B1
S1130D00823010F462301CF080E090E053C0282F51
S1130D103327F901A3E0EE0FFF1FAA95E1F7E20FD5
S1130D20F31FE451FE4FE182F28203831483608354
S1130D308FB7F894C82FDD2782B7E80EF11C011D88
S1130D40111DE582F6820783108771E0C72ED12C2E
S1130D50C60102C0880F991F2A95E2F79C01442717
S1130D6037FD4095542F8091700290917102A091AB
S1130D707202B0917302822B932BA42BB52B809318
S1130D80700290937102A0937202B09373028091E7
S1130D903C029927AA27BB27E816F9060A071B076E
S1130DA038F4E0923C02E1BE109231020E946406E3
S1130DB0CFBFC601DF91CF911F910F91FF90EF90AC
S1130DC0DF90CF900895FF920F931F93CF93DF93FB
S1130DD0EC0120910001309101018091E901909191
S1130DE0EA0101969093EA018093E9018AA19BA10B
S1130DF0019709F082C09B8180910201981709F044
S1130E007CC0888199814FEF8F3F940721F082172E
S1130E10930709F072C09A8183E08C5F8B32E8F308
S1130E20943009F06AC02D813E818091B501909182
S1130E30B6012817390709F04DC02F5F3F4F309393
S1130E40B6012093B5012150304030930402209321
S1130E5003028CA19DA190930602809305028091C8
S1130E606A028823B9F501E000936A02B4E0FB2E1C
S1130E7010916F02112339F500936F028BED9EE000
S1130E800E94B202882319F410936F021CC08EEFE3
S1130E9091E09093780180937701F09202028EE7BB
S1130EA090E09093FF018093FE01F0920002809104
S1130EB0020180930102802F8E5F8C5F8B32E8F3F6
S1130EC081E090E002C080E090E09927882311F44B
S1130ED080936A024091030150910401CA01019672
S1130EE02091B5013091B6012817390731F4241B3C
S1130EF0350B3093B6012093B501CE01DF91CF912C
S1130F001F910F91FF900895CF93C1E020E08FB718
S1130F10F894382F80916302882391F580917902A7
S1130F20992781FF08C089E392E09093B4018093EC
S1130F30B30180E41AC082FF0FC0E0915F01F09119
S1130F406001F093B401E093B30182E48093620101
S1130F508481992705960DC083FF12C087E691E02E
S1130F609093B4018093B3018FEF8093620181E089
S1130F7090E090936A01809369012C2FC0936302DF
S1130F803FBF2223F1F08FB7F894992710920801FC
S1130F901092070110922C0210922B028FBF8EE741
S1130FA00E94E507C82F813061F08FB7F894282F8D
S1130FB0332788E0809363022FBF8AEF97E00E9473
S1130FC0B2028C2F9927CF910895482F8FB7F894A8
S1130FD0282F33279091330281E0809333022FBF6F
S1130FE0992319F080E090E008954CB95E9A81E06D
S1130FF090E0089561E08FB7F894282F332780910B
S11310006302883019F460E0609363022FBF80911B
S1131010620190917902803451F48FB7F894282FAB
S1131020332782E09827909379022FBF17C08FB798
S1131030F894282F332784E09827909379022FBFC0
S113104080915F01909160010E9431088FB7F894FC
S113105099271092600110925F018FBF0E9484074C
S11310600895FC0110926F028281843049F48091CA
S11310706A02882329F0EE5FF14011F410926A02AB
S113108081E090E008958FB7F894482F5527209178
S1131090490230914A02832F881F8827881F220F14
S11310A0331F882321F08BE090E1282739272F5F15
S11310B03F4F30934A022093490280916C019091F2
S11310C06D01282739274FBFC90108951F920F9238
S11310D00FB60F921124FF920F931F932F933F93F8
S11310E04F935F936F937F938F939F93AF93BF932C
S11310F0CF93DF93EF93FF93C4B1D5B1D370349AF8
S1131100379878948FB7F894F82E80917A02082F44
S1131110112721E030E0002E02C0220F331F0A9471
S1131120E2F7809154029091550282239323892BF4
S113113061F4209530958091BA019091BB0182238E
S113114093239093BB018093BA014091BA015091CB
S1131150BB014115510511F120917A0230917B02B6
S11311602F5F3F4F2C30310511F0C90102C080E0E0
S113117090E09C0181E090E0022E02C0880F991F4C
S11311800A94E2F784239523892B51F330937B024D
S113119020937A0280917A020E941509FFBE0115FC
S11311A0110569F48FB7F894282F3327D0933702A9
S11311B0C093360281E080934C022FBF01C080E0CF
S11311C099272FB7F8948823C9F461E070E002C02E
S11311D0660F771F0A95E2F7409154025091550229
S11311E0CA0186239723892B49F0CB0180959095DA
S11311F04823592350935502409354022FBFFF9123
S1131200EF91DF91CF91BF91AF919F918F917F919A
S11312106F915F914F913F912F911F910F91FF908B
S11312200F900FBE0F901F901895982F8FB7F894BA
S1131230282F3327E6E5F2E0E90FF11D80818F7155
S113124087B92FBF379A369A81E090E008951F93AB
S1131250CF93682F80916402811160958091680119
S1131260482F55274230510509F4ADC0433051058C
S113127024F44115510571F0B8C24430510509F404
S11312807EC1443051050CF404C14530510509F4C4
S1131290EEC1ABC2209150028FB7F89499272093E6
S11312A093018FBF60916602709167026F5F7F4FF9
S11312B070936702609366028091060199278430D7
S11312C0910559F18530910534F48230910559F036
S11312D00397B1F06AC08630910509F45EC00697A1
S11312E00CF44BC062C08091710190917201681737
S11312F0790708F47AC283E38093500283E052C0F2
S11313008CEC8093500284E0809306018FEF9FEF72
S1131310909367028093660268C280916602282FC8
S11313203327809175019091760128173907F8F4D5
S1131330E0915202F0915302E60FF71F20812093AF
S113134050028091910190919201E7E7F1E0292701
S1131350220FF11DE20FF11DC895982F802D3196B3
S1131360C895902590939201809391013EC28091FB
S113137091018093500285E015C080919101909174
S11313809201892F99278093500286E08093060169
S1131390509367024093660228C26430710508F4D2
S11313A024C287E08093060120C2BB98BA980E94A9
S11313B045061092660189ED9FE00E94B2028823DF
S11313C009F413C2AFC16A3A11F0653571F5209181
S11313D07402309175022F5F3F4F30937502209352
S11313E0740280913A02E82FFF27E656FF4F84915A
S11313F099278217930708F0F8C110926E02109291
S11314007502109274021092B9011092B8011092F0
S11314107901109292011092910182E290E09093EE
S11314202A028093290284E07EC180916601882388
S113143009F4DBC1809134029091350201979093B5
S1131440350280933402181619060CF4CEC110929A
S11314504C028FB7F894C82F2091BA013091BB0188
S113146020FD10C0C90181609093BB018093BA0133
S11314702115310539F430937B0220937A0280E000
S11314800E941509CFBF109275021092740283E076
S11314904AC16A3A09F45EC0653509F45BC08091BB
S11314A04C02882309F4A1C180913A02E82FFF2756
S11314B0EA54FF4F8491282F33278091360290916C
S11314C037022817390708F045C061EE80E00E9412
S11314D0C0058091B101682F89E00E94C0058AEFA0
S11314E090E0000000000000000000000000000088
S11314F00000019718161906A4F380919F01682F24
S11315008BE00E94C00584E190E000000000000030
S113151000000000000000000000019718161906E2
S1131520A4F3BB9ABA9A10926702109266021092C0
S11315309201109291011092680182E08093060159
S11315402AEA209350028FB7F894992720939301A5
S11315508FBF4BC10E9443088F70907024E230E02B
S1131560829FA001839F500D929F500D1124CA01A8
S1131570820F931F9093350280933402D3C06A3A4A
S113158011F0653519F460938E012FC180916E02BC
S11315909927009721F003970CF060C003C0609373
S11315A08D015FC020918D0130918E01922F88278B
S11315B090938E0180938D0160938D0110E0220F32
S11315C0331F67FD2160660F53E32C3C350709F098
S11315D040C0E0912F02F091300244814423B9F0DD
S11315E08FB7F894382F2091510220FF06C08FB78F
S11315F0F8949927DA9A2E7F05C08FB7F894992723
S1131600DA982160209351028FBF3FBF27C085E045
S1131610809368018FB7F894C82F2091BA01309154
S1131620BB0120FD10C0C90181609093BB01809370
S1131630BA012115310539F430937B0220937A02E3
S1131640842F0E941509CFBF87E0811B8093790105
S113165008C01F5F183008F4B2CF03C082E0809343
S1131660680180916E028F5F80936E02BEC080918C
S11316708D0190918E01982F882790938E018093ED
S11316808D0160938D0120918D0130918E01009028
S1131690790102C0369527950A94E2F7622FE0910A
S11316A02F02F09130028091B8019091B901E80FB6
S11316B0F91F20834091B8015091B9014F5F5F4FEA
S11316C05093B9014093B8018091290290912A0264
S11316D04817590798F58091910190919201E7E795
S11316E0F1E06927660FF11DE60FF11DC895982FEB
S11316F0802D3196C8959025909392018093910105
S11317004530510509F071C0E0912F02F09130028B
S11317108481992790932A02809329028E3191051E
S113172028F0148282E0809368015FC00097F1F092
S1131730059690932A028093290257C048175907A7
S1131740E1F48091910190919201E7E7F1E069273A
S1131750660FF11DE60FF11DC895982F802D319667
S1131760C8959025909392018093910182E290E034
S11317709093B9018093B80138C044325105A8F15F
S1131780E0912F02F091300222A133A180919101C6
S1131790909192012817390729F481E090E082A3FF
S11317A093A302C012A213A20E94FA0BC2E0C09338
S11317B06801E0912F02F0913002809136029091FD
S11317C0370284A395A387E99FE00E94B20288238D
S11317D061F4E0912F02F09130028483C093680198
S11317E080EC8DB9B8980E94640681E090E0CF91B6
S11317F01F9108956F98B89AC0980E94640681E07A
S113180090E0089578941F920F920FB60F921124CE
S11318102F933F934F935F936F937F938F939F93F4
S1131820AF93BF93EF93FF938FB7F894282F332789
S113183080917B01882369F080912D0280934D0271
S1131840886080932D0283BF80918C0181BF1092A8
S11318507B012FBF8EEE9FE00E94B202FF91EF91B9
S1131860BF91AF919F918F917F916F915F914F91B4
S11318703F912F910F900FBE0F901F901895382F06
S11318808091620299278230910509F46BC08330FC
S113189091052CF4009759F0019781F1B7C1833079
S11318A0910509F49CC0049709F459C1AFC13E37AE
S11318B009F0AEC1809138029927FC01EE0FFF1F99
S11318C0EE0FFF1FE80FF91FE80FF91FE35CFD4F50
S11318D082819381009709F09BC1118290939001BA
S11318E080938F019093700180936F01848195811F
S11318F090934F0280934E0281E085C13E3709F4F4
S113190087C1809138029927FC01EE0FFF1FEE0F6B
S1131910FF1FE80FF91FE80FF91FE35CFD4F308349
S113192080918F0190919001E7E7F1E0232F29271F
S1131930220FF11DE20FF11DC895982F802D3196CD
S1131940C89590259093900180938F01832F9927B8
S11319508134910529F08234910509F453C156C1AB
S113196082E051C13E3709F451C1609138023D37DC
S113197081F4862F9927FC01EE0FFF1FEE0FFF1F46
S1131980E80FF91FE80FF91FE35CFD4F80E2818344
S11319903FC1862F9927FC01EE0FFF1FEE0FFF1F9B
S11319A0E80FF91FE80FF91FE35CFD4F218123279E
S11319B0218380918F0190919001E7E7F1E029273D
S11319C0220FF11DE20FF11DC895982F802D31963D
S11319D0C89590259093900180938F0113C14091F5
S11319E06F01509170014C32510508F0BAC03D3777
S11319F011F484E008C13E3709F07FC0423051053C
S1131A0008F45FC0E0914E02F0914F02E40FF51F1D
S1131A1082919927382F222782919927282B392BB5
S1131A2080918F01909190016091380228173907B5
S1131A30E1F4862F9927FC01EE0FFF1FEE0FFF1F25
S1131A40E80FF91FE80FF91FE35CFD4F42505040C7
S1131A504283538383ED90E10E94B2028091380265
S1131A608F5F81708093380210C0862F9927FC0104
S1131A70EE0FFF1FEE0FFF1FE80FF91FE80FF91F0E
S1131A80E35CFD4F12821382118280913802992700
S1131A90FC01EE0FFF1FEE0FFF1FE80FF91FE80F09
S1131AA0F91FE35CFD4F82819381892BD9F48481F2
S1131AB0958190934F0280934E0281E0809362025D
S1131AC013C0809138029927FC01EE0FFF1FEE0F1F
S1131AD0FF1FE80FF91FE80FF91FE35CFD4F1282A7
S1131AE013821182109262021092900110928F015F
S1131AF01092700110926F018BC0E0914E02F09130
S1131B004F02E40FF51F308340916F015091700133
S1131B1042305105E8F020918F0130919001E0911D
S1131B204E02F0914F02E40FF51F32978081E7E7F0
S1131B30F1E08327880FF11DE80FF11DC895322FBE
S1131B40202D3196C89530253093900120938F0134
S1131B504F5F5F4F5093700140936F0159C03E3700
S1131B60D1F41092900110928F0110927001109292
S1131B706F01809138029927FC01EE0FFF1FEE0FD1
S1131B80FF1FE80FF91FE80FF91FE35CFD4F1282F6
S1131B90138211823BC080E28327E0914E02F091D0
S1131BA04F0220916F0130917001E20FF31F808387
S1131BB040916F015091700142305105E8F020913D
S1131BC08F0130919001E0914E02F0914F02E40FA9
S1131BD0F51F32978081E7E7F1E08327880FF11D35
S1131BE0E80FF11DC895322F202D3196C895302568
S1131BF03093900120938F014F5F5F4F509370019A
S1131C0040936F0183E08093620202C010926202EB
S1131C1081E090E008958FB7F894992720913302DA
S1131C20109233028FBF222309F4A4C0809163026F
S1131C30873031F4109263028AEF97E00E94B20277
S1131C4021E08091630299278430910509F46EC0E4
S1131C508530910554F48230910561F1833091050A
S1131C600CF058C0019749F07CC08630910509F406
S1131C7071C006970CF463C074C082E08093630261
S1131C80209107013091080180916201E7E7F1E0BA
S1131C908327880FF11DE80FF11DC895322F202DE1
S1131CA03196C8953025309308012093070180911F
S1131CB0620154C0E091B301F091B40120912B0270
S1131CC030912C02E20FF31F508180910701909113
S1131CD00801E7E7F1E0452F4927440FF11DE40F20
S1131CE0F11DC895982F802D3196C8959025909315
S1131CF00801809307012F5F3F4F30932C022093FC
S1131D002B028091690190916A012817390798F094
S1131D1084E00FC080916B0290E289270E94E5075E
S1131D20282F80914B02809363021BC050910701BE
S1131D3085E080936302852F0E94BD0E11C08091BF
S1131D40070190910801292F332786E080936302CD
S1131D50822FF2CF87E0809363028EE70E94E5072B
S1131D60282F213039F088E0809363028AEF97E0CE
S1131D700E94B20281E090E00895982F8D5782303E
S1131D8078F48FB7F894282F3327809163028093D7
S1131D904B0283E08093630290936B022FBF9DE715
S1131DA0892F0E94E507992708958FBF08958FB75B
S1131DB0F894992708951F93CF93E0917701F091B8
S1131DC07801808191818E379105C1F461E08FB7EC
S1131DD0F8949091790292FD08C0946090937902EE
S1131DE0F0936001E0935F0101C060E08FBF613058
S1131DF009F092C00E948407682F8EC011E08FB74B
S1131E00F894C82F80916301882311F010E018C062
S1131E1010936301F0935302E09352028481992753
S1131E20059690937601809375010E9443088F77FD
S1131E3090708496909335028093340210936601D7
S1131E40CFBF112309F467C08FB7F8949927209165
S1131E5068018FBF263009F05EC040917002509136
S1131E607102609172027091730241FF17C08FB7C3
S1131E70F894282F3327DB01CA018D7F80937002E9
S1131E8090937102A0937202B09373022FBF0097D4
S1131E90A105B10519F481E0809331026BE380E080
S1131EA00E94C00580ED97E00000000000000000E3
S1131EB00000000000000000019718161906A4F3A2
S1131EC069E380E00E94C00588EC90E00000000017
S1131ED00000000000000000000000000197181638
S1131EE01906A4F30E944506BB98BA9880EC8DB9F4
S1131EF0B8980E94640620E230E040E050E061E0DF
S1131F00862F0E9476068FB7F894282F332782E015
S1131F10809368012FBF612F662331F4809177018C
S1131F20909178010E943108CF911F9108958FB745
S1131F30F894682F7727E0912F02F091300217A2CE
S1131F4010A684A195A19C01220F331F220F331FD9
S1131F50280F391F4091E7015091E801CA01880F09
S1131F60991F840F951F280F391F43E03695279535
S1131F704A95E1F73093E8012093E7016FBFCF0161
S1131F800E94E3069C018FB7F89499272115310527
S1131F9021F03093300220932F02E0912F02F09130
S1131FA0300214828FBF80EC8DB9B8980E94640609
S1131FB008958FB7F8949927E0915202F091530253
S1131FC017A210A68FBF61E0CF010E9431088FB71E
S1131FD0F8949927109263018FBF08958F929F926E
S1131FE0AF92BF92DF92EF92FF920F931F93CF9322
S1131FF0DF9381E0809331028091700290917102AD
S1132000A0917202B09173020097A105B10509F481
S113201084C0DD240CEE11E0EE24FF2461E070E0C6
S11320200E2C02C0660F771F0A94E2F7CB01AA2791
S113203097FDA095BA2F8090700290907102A090A5
S11320407202B090730288219921AA21BB210097C2
S1132050A105B10509F457C080913C029927019666
S1132060AA2797FDA095BA2FF801258136814781CB
S11320705085281B390B4A0B5B0B2583368347831A
S113208050872330310541055105ECF580818823C3
S113209069F481819281A381B481280F391F4A1F79
S11320A05B1F258336834783508713C0CB018095FC
S11320B09095AA2797FDA095BA2F88229922AA2243
S11320C0BB228092700290927102A0927202B0922E
S11320D0730280917602813019F48FEF8093760237
S11320E0909176029F5F9093760280917A018F5F40
S11320F080937A01E92FFF27EC59FE4FD08285E4C3
S113210091E10E94B202D3940894E11CF11C075F90
S11321101F4FF1E0FD1508F081CF0E940402DF910A
S1132120CF911F910F91FF90EF90DF90BF90AF90F0
S11321309F908F90089587B799278C7F009719F007
S113214080E090E01AC06F9918C0379B03C088E004
S113215090E013C087B7992783709070892B59F04A
S113216081B792B7891B803118F48CE190E005C0E7
S113217088E190E002C080E190E0382F25B7237E0B
S11321808C3121F0883111F008C0000080B7992704
S113219087709070892BC9F7237E232B25BF85B7C1
S11321A0806285BF08950F931F93CF93DF9390911F
S11321B0650286E0989F80011124035C1D4FF8019D
S11321C0C481D58182819381059780F12081822FFA
S11321D099278134910559F08234910524F480348F
S11321E0910521F11DC08234910571F019C081E07F
S11321F090E08AA39BA3F801818180933B028FE244
S113220091E10E94B20204C081E090E08AA39BA302
S1132210809102018B83CE010E94E306EC0106C08B
S11322202093670180E192E10E94B2028FB7F89493
S1132230282F3327209719F0F801C483D583F80198
S1132240128213821182809165028F5F8170809364
S113225065022FBFDF91CF911F910F9108952091B7
S11322603B0231E08FB7F8949091790291FD06C05A
S11322709260909379022093390201C030E08FBFBD
S1132280313011F40E94840708951F93CF93DF9394
S113229090917A01992319F482E090E015C080911D
S11322A06101813019F48FEF8093610180916101A4
S11322B08F5F80936101915090937A01E82FFF27FB
S11322C0EC59FE4F80819927823008F0A5C0282F51
S11322D033272115310521F02130310571F09CC0DF
S11322E08091E9019091EA019093690280936802D8
S11322F03093EA012093E9018FC0E0913A02EE2382
S113230009F48AC08FB7F894992720916801109135
S113231066018FBF33272230310521F02630310585
S113232091F172C08E2F9927880F991FFC01EF55E8
S1132330FF4F24913327D22FCC278E559F4FFC017A
S113234084919927C82BD92B112309F05DC08FB72D
S1132350F894282F332786E0809368012FBFCE019D
S1132360AA27BB279C01AD0161E0862F0E94760657
S1132370612F8BE00E94C0056FE3812F0E94C0058E
S11323800E94FA0B49C0FF27E155FF4F8491C82FE3
S1132390DD278FB7F894282F332782E080936801D4
S11323A02FBF6BE380E00E94C00580ED97E0000042
S11323B00000000000000000000000000000019781
S11323C018161906A4F369E380E00E94C00588EC9E
S11323D090E0000000000000000000000000000089
S11323E00000019718161906A4F3BB98BA980E9426
S11323F0450680EC8DB9B8980E946406CE01AA27E0
S1132400BB279C01AD0104C020E230E040E050E075
S113241061E0862F0E947606DF91CF911F91089587
S11324208FB7F894282F332780917902886080939E
S10D243079022FBF0E94840708956B
S109243A00007D03000117
S9030000FC
