S01E00006275696C642F6D696361322F6D61696E2E737265632E302E6F757443
S11300000C94BC010C94D9010C94D9010C94D90121
S11300100C94D9010C94D9010C94D9010C94D901F4
S11300200C94D9010C94D9010C94D9010C94D901E4
S11300300C94D9010C94D9010C94D9010C941B0C87
S11300400C94D9010C94DB010C9463020C94D90137
S11300500C948D020C947F080C94D9010C94D90152
S11300600C94D9010C94D9010C94D9010C94D901A4
S11300700C94D9010C94D9010C94D9010C94D90194
S11300800C94D9010C94D9010C94D901001C005E84
S113009000FA017301EA04BC0A5E050202020202CC
S11300A002000000140055008700B901E5043D007A
S11300B0080808080808AEEFEFEFEFEFEF3158003B
S11300C00057F685035544020F60E0261C6F5570F7
S11300D0010000000000000000008101317C0000EC
S11300E07BF9AE02388C3280401026A16F55100186
S11300F0000000000000000000F301315100005036
S1130100F74F030E44020F58E026A16F557001000B
S113011000000000000000008101315CE0005CDBB5
S11301204201AA8C3280301026A16F5510010000C4
S113013000000000000000F301314560004555BB9C
S1130140039C80020F68E026A16F54700100000038
S113015000000000000081013158000057F68503BB
S11301605590020F60E026A16F5570010000000059
S1130170000000000081010000211042206330844F
S113018040A550C660E770088129914AA16BB18CE3
S1130190C1ADD1CEE1EFF13112100273325222B56A
S11301A0529442F772D662399318837BB35AA3BD33
S11301B0D39CC3FFF3DEE36224433420040114E63A
S11301C064C774A44485546AA54BB528850995EE83
S11301D0E5CFF5ACC58DD55336722611163006D74A
S11301E076F6669556B4465BB77AA719973887DFD3
S11301F0F7FEE79DD7BCC7C448E5588668A7784092
S113020008611802282338CCC9EDD98EE9AFF94822
S11302108969990AA92BB9F55AD44AB77A966A71A9
S11302201A500A333A122AFDDBDCCBBFFB9EEB7972
S11302309B588B3BBB1AABA66C877CE44CC55C22F9
S11302402C033C600C411CAEED8FFDECCDCDDD2AC2
S1130250AD0BBD688D499D977EB66ED55EF44E1389
S11302603E322E511E700E9FFFBEEFDDDFFCCF1B12
S1130270BF3AAF599F788F8891A981CAB1EBA10C7D
S1130280D12DC14EF16FE18010A100C230E32004F2
S113029050254046706760B9839893FBA3DAB33D59
S11302A0C31CD37FE35EF3B1029012F322D2323542
S11302B042145277625672EAB5CBA5A89589856E29
S11302C0F54FE52CD50DC5E234C324A01481046692
S11302D074476424540544DBA7FAB79987B8975F39
S11302E0E77EF71DC73CD7D326F2369106B01657E2
S11302F0667676154634564CD96DC90EF92FE9C881
S113030099E9898AB9ABA94458654806782768C031
S113031018E1088238A3287DCB5CDB3FEB1EFBF998
S11303208BD89BBBAB9ABB754A545A376A167AF181
S11303300AD01AB32A923A2EFD0FED6CDD4DCDAAE8
S1130340BD8BADE89DC98D267C076C645C454CA2D1
S11303503C832CE01CC10C1FEF3EFF5DCF7CDF9B78
S1130360AFBABFD98FF89F176E367E554E745E9321
S11303702EB23ED10EF01E0011241FBECFEFD0E1ED
S1130380DEBFCDBF11E0A0E0B1E0EEE6F4E200E0B4
S11303900BBF02C007900D92A430B107D9F712E049
S11303A0A4E0B1E001C01D92A737B107E1F70C94B6
S11303B0DA020C9400001F920F920FB60F921124D0
S11303C02F933F934F935F936F937F938F939F9359
S11303D0AF93BF93EF93FF939FB18091BC018FB90B
S11303E0892F0E944009FF91EF91BF91AF919F9196
S11303F08F917F916F915F914F913F912F910F90CA
S11304000FBE0F901F901895AF92BF92CF92DF92BC
S1130410EF92FF920F931F93CF93DF9386EEF82E04
S1130420A0906B02B0906C02C0906D02D0906E02EE
S1130430A114B104C104D10481F1EE2463E172E09A
S113044000E010E081E090E0002E02C0880F991FC8
S11304500A94E2F7AA2797FDA095BA2F8A219B2137
S1130460AC21BD210097A105B10579F02F2D3327CB
S113047044275527FB0185819681A781B085821782
S11304809307A407B5070CF4F580E3940F5F1F4F9F
S1130490675F7F4FF1E0FE15A8F68FB7F8949927B0
S11304A0F0923802F1BE10922D028FBF0E946406B2
S11304B0DF91CF911F910F91FF90EF90DF90CF903C
S11304C0BF90AF9008951F920F920FB60F92112410
S11304D02F933F934F935F936F937F938F939F9348
S11304E0AF93BF93EF93FF935F9B06C08CB140E043
S11304F050E060E00E94580CFF91EF91BF91AF91E2
S11305009F918F917F916F915F914F913F912F9127
S11305100F900FBE0F901F90189578941F920F9212
S11305200FB60F9211242F933F934F935F936F93C2
S11305307F938F939F93AF93BF93EF93FF930E9407
S1130540240EFF91EF91BF91AF919F918F917F9175
S11305506F915F914F913F912F910F900FBE0F902C
S11305601F901895AC018FB7F894282F3327E0918A
S11305702A0280912A028F5F80932A0280912A02A4
S1130580877080932A0290912A028091DE01981745
S113059059F02FBFFF27EE0FFF1FE658FE4F408391
S11305A0518381E090E00895E0932A022FBF80E018
S11305B090E00895CFEFD0E1DEBFCDBFD29AD09ABC
S11305C0D19AD698A79AA69AA59AA49AA39AA29AD7
S11305D0A19AA09A8C9A8F9A8E9ABB98BF98D49815
S11305E0DC98D39A8B9A8D9ADB9ADA9AD89AD99A0C
S11305F083E08C5F8739E8F310E08AE08093690137
S113060010932A021093DE018FB7F8949927109360
S11306104D02DA9AD89AD99A8FBF8FB7F89499274E
S1130620DA9A8FBF8FB7F8949927D89A8FBF8FB76C
S1130630F8949927D99A8FBF0E944D050E947C0592
S11306408FB7F894992710932F028FBF8FB7F89420
S1130650282F332781E090E080936601812F8E5FFD
S11306608093040183EE91E090932C0280932B02FB
S11306701093E70182E290E0909326028093250292
S1130680109377011092700210926F02109272010F
S11306901092710110928C0110928B0110936401DD
S11306A010936101109348028FEF9FEF90933102F2
S11306B0809330029093330280933202109312029B
S11306C010933602E6EBF0E08491992790930F02A1
S11306D080930E022FBF8FB7F8949927B998BB98CF
S11306E0BA986B986A986F9A6E9A8FBFD6988C9ABC
S11306F08E9A8F9A949A979A969A6AE3812F0E9477
S1130700C0056BE3812F0E94C00580ED97E00000D7
S1130710000000000000000000000000000001973D
S113072018161906A4F380E88093C801682F8BE09B
S11307300E94C00580E98093CA01682F84E00E946A
S1130740C0051092CC018FE68093CD0185E580939E
S1130750CE010E94E40511E01093D001612F83E1E2
S11307600E94C0051093DB01AEEBB1E0EDEDF0E0CB
S11307702DE130E084918D9321503040319637FF44
S1130780F9CF0E94E40511E0CEEBD1E08991682F06
S1130790812F0E94C0051F5F1D30C0F38091CF01DF
S11307A0682F82E10E94C00560E08BE00E94C005D2
S11307B06FE382E40E94C00561E180E00E94C0050D
S11307C066EA8EE00E94C0058EE00E94F70583FF72
S11307D0FBCF66E28EE00E94C00561EE80E00E94DD
S11307E0C0058091DA01682F89E00E94C00560E0AD
S11307F08BE00E94C00566EA8EE00E94C005CEE050
S11308008C2F0E94F70583FFFACF66E28C2F0E949B
S1130810C00580E98093CA01682F8DE00E94C0055D
S11308208091DB01282F33278FB7F89499272093E1
S113083060028FBF0E942A068FB7F89499271092FE
S113084052028FBF8FB7F8949927109276021092B4
S1130850750210925102109250021092E20110920D
S1130860E1018FBF0E942A068FB7F8949927C6B971
S113087017B88FBF8FB7F894482F552720910001E0
S11308803091010181E597E3289FB001299F700D04
S1130890389F700D1124CB018F5A984C90934602C7
S11308A080934502909373028093720285E89FE0DF
S11308B0289FF001299FF00D389FF00D1124CF01DE
S11308C08B57904F90936B0180936A014FBF0E94A6
S11308D04D058091000190910101909368028093ED
S11308E0670210926A0210926502109264021092DA
S11308F01102109210020E947C05109290008FE069
S113090089B922E02BB966E06093950088ED8AB935
S11309108FB7F8949927709166018FBF713009F0F1
S11309207EC08FB7F894482F5527E0912B02F091A1
S11309302C021482209366011092610110926401CA
S11309408FEF9FEF909331028093300280911202D7
S11309509927880F991FFC01E457FF4F24913327EF
S1130960322F222783579F4FFC0184919927282BEC
S1130970392B3093700120936F014FBF8091360261
S1130980882369F56BE30E94C00580ED97E00000C1
S113099000000000000000000000000000000197BB
S11309A018161906A4F369E380E00E94C00588ECD8
S11309B090E00000000000000000000000000000C3
S11309C00000019718161906A4F3BB98BA980E9460
S11309D0450680EC8DB9B8980E94640620C099271A
S11309E0880F991FFC01EF55FF4F24913327322FB5
S11309F022278E559F4FFC0184919927282B392B50
S1130A008FB7F8949927609366018FBFC901AA270D
S1130A10BB279C01AD01672F872F0E94760628EE25
S1130A2033E040E050E060E0862F0E9476061092AA
S1130A306A020E94640678949091DE0180912A02F1
S1130A40981719F480E090E01FC08FB7F894282F0E
S1130A5033279091DE018091DE018F5F8093DE0168
S1130A608091DE0187708093DE01E92FFF27EE0F6E
S1130A70FF1FE658FE4F80819181108211822FBFA3
S1130A80FC01099581E090E08823B1F685B7806286
S1130A9085BF889500000000CFCF10926B021092A2
S1130AA06C0210926D0210926E0210922D028FEF62
S1130AB08093710280935F011092780183E08093A8
S1130AC02E0296EE909338028FB7F894282F33278E
S1130AD087B78E7F87BF87B78D7F87BF80B78860D2
S1130AE080BF8BE083BF12BE91BF87B7826087BF90
S1130AF02FBF81E090E008958FB7F894682F80E0CD
S1130B0090E047E051E09C01F901E80FF91FE75C30
S1130B10FD4F4483558312821382118201962B5F09
S1130B203F4F455D5F4F8230910574F310925F0231
S1130B301092280210922702109268011092670105
S1130B40109206011092050110925E0110925D014F
S1130B5010925E02109234021092610210926E01A1
S1130B6010926D0110928E0110928D0180913D02C0
S1130B7090913E0290934B0280934A026FBF089576
S1130B80880F949896E087FF02C0979A01C09798BF
S1130B909698969A880F915097FFF5CF979A9698C2
S1130BA0969A949A97E067FF02C0979A01C0979823
S1130BB09698969A660F915097FFF5CF949A979AC4
S1130BC0969A81E090E008958091CC01682F8FE09F
S1130BD00E94C0058091CD01682F80E10E94C0056C
S1130BE08091CE01682F81E10E94C005089590E0B4
S1130BF0880F949826E030E087FF02C0979A01C0DE
S1130C0097989698969A880F2150304037FFF4CFE2
S1130C1027E030E097989698969A8F98949A9698A9
S1130C2040E050E0879941E0892F992721503040D6
S1130C30442329F0880F991F982F916002C0982FA0
S1130C40990F969A37FFEBCF949A8F9A979A892F98
S1130C50992708958FB7F894282F80916C018823E1
S1130C6091F480E090E0E2E5F2E0819301968C302B
S1130C709105DCF38EE180935C028FE180935D0249
S1130C8081E080936C012FBF089561E180E00E94B0
S1130C90C0058091C601682F89E00E94C00560E00C
S1130CA08BE00E94C0058AEF90E000000000000085
S1130CB0000000000000000000000197181619064B
S1130CC0A4F381E090E0089580910301882329F43E
S1130CD084EB90E10E94B20206C085B7837E85BF93
S1130CE085B7806285BF80E090E00895CF92DF925F
S1130CF0EF92FF920F931F93CF93DF9379018A01B1
S1130D00823010F462301CF080E090E053C0282F51
S1130D103327F901A3E0EE0FFF1FAA95E1F7E20FD5
S1130D20F31FED5EFD4FE182F2820383148360833F
S1130D308FB7F894C82FDD2782B7E80EF11C011D88
S1130D40111DE582F6820783108771E0C72ED12C2E
S1130D50C60102C0880F991F2A95E2F79C01442717
S1130D6037FD4095542F80916B0290916C02A091B5
S1130D706D02B0916E02822B932BA42BB52B809322
S1130D806B0290936C02A0936D02B0936E028091FB
S1130D9038029927AA27BB27E816F9060A071B0772
S1130DA038F4E0923802E1BE10922D020E946406EB
S1130DB0CFBFC601DF91CF911F910F91FF90EF90AC
S1130DC0DF90CF9008950F931F93CF93DF93EC019F
S1130DD02091000130910101809110029091110243
S1130DE0019690931102809310028AA19BA101970E
S1130DF009F0AAC09B8180910201981709F0A4C050
S1130E00888199814FEF8F3F940721F082179307D0
S1130E1009F09AC09A8183E08C5F8B32E8F39430B6
S1130E2009F08EC08D81482F552747FD509520919C
S1130E304D02BA016270707040FF06C08FB7F8941B
S1130E409927DA98216005C08FB7F8949927DA9A20
S1130E502E7F20934D028FBF20914D02447050701D
S1130E60672B31F08FB7F8949927D998226005C081
S1130E708FB7F8949927D99A2D7F20934D028FBF6D
S1130E8020914D02452B31F08FB7F8949927D898CB
S1130E90246005C08FB7F8949927D89A2B7F2093A4
S1130EA04D028FBF8EE591E10E94B20281E191E192
S1130EB0909396018093950183E3809394018CA190
S1130EC09DA190939801809397018FEF9FEF90934A
S1130ED09A018093990110916A02112351F501E05E
S1130EE000936A0284EF9EE00E94B202882319F400
S1130EF010936A021EC08FE891E09093760180936C
S1130F00750187E0809393018EE790E090939001C0
S1130F1080938F0184E080939101809102018093FA
S1130F209201802F8E5F8C5F8B32E8F381E090E03A
S1130F3002C080E090E0892B19F480E090E001C0C9
S1130F40CE01009709F0EC01CE01DF91CF911F9102
S1130F500F910895CF93C1E020E08FB7F894382F14
S1130F6080915F02882391F580917402992781FF13
S1130F7008C085E392E09093DD018093DC0180E476
S1130F801AC082FF0FC0E0915D01F0915E01F09301
S1130F90DD01E093DC0182E4809360018481992780
S1130FA005960DC083FF12C085E691E09093DD01A4
S1130FB08093DC018FEF8093600181E090E0909357
S1130FC06801809367012C2FC0935F023FBF2223E7
S1130FD0F1F08FB7F8949927109206011092050149
S1130FE010922802109227028FBF8EE70E940B08EE
S1130FF0C82F813061F08FB7F894282F332788E009
S113100080935F022FBF80E298E00E94B2028C2F8F
S11310109927CF910895482F8FB7F894282F332715
S113102090912F0281E080932F022FBF992319F012
S113103080E090E008954CB95E9A81E090E00895D4
S113104061E08FB7F894282F332780915F028830AE
S113105019F460E060935F022FBF8091600190916A
S11310607402803451F48FB7F894282F332782E028
S11310709827909374022FBF17C08FB7F894282F26
S1131080332784E09827909374022FBF80915D01E9
S113109090915E010E9457088FB7F8949927109297
S11310A05E0110925D018FBF0E94AA0708951092FD
S11310B06A0281E090E008958FB7F894482F55278D
S11310C02091450230914602832F881F8827881F6C
S11310D0220F331F882321F08BE090E12827392742
S11310E02F5F3F4F309346022093450280916A015F
S11310F090916B01282739274FBFC90108951F928A
S11311000F920FB60F921124FF920F931F932F93F8
S11311103F934F935F936F937F938F939F93AF937B
S1131120BF93CF93DF93EF93FF93C4B1D5B1D37043
S1131130349A379878948FB7F894F82E8091750282
S1131140082F112721E030E0002E02C0220F331FA8
S11311500A94E2F7809150029091510282239323E2
S1131160892B61F4209530958091E1019091E20101
S1131170822393239093E2018093E1014091E10162
S11311805091E2014115510511F120917502309100
S113119076022F5F3F4F2C30310511F0C90102C098
S11311A080E090E09C0181E090E0022E02C0880F74
S11311B0991F0A94E2F784239523892B51F33093E2
S11311C0760220937502809175020E942E09FFBE5B
S11311D00115110569F48FB7F894282F3327D0939C
S11311E03302C093320281E0809348022FBF01C0D2
S11311F080E099272FB7F8948823C9F461E070E060
S113120002C0660F771F0A95E2F740915002509191
S11312105102CA0186239723892B49F0CB0180957B
S113122090954823592350935102409350022FBF65
S1131230FF91EF91DF91CF91BF91AF919F918F91EA
S11312407F916F915F914F913F912F911F910F91DA
S1131250FF900F900FBE0F901F901895982F8FB787
S1131260F894282F3327E2E5F2E0E90FF11D80819D
S11312708F7187B92FBF379A369A81E090E008952D
S11312801F93CF93682F80916002811160958091A4
S11312906601482F55274230510509F4ADC043304B
S11312A0510524F44115510571F0B8C2443051057B
S11312B009F47EC1443051050CF404C14530510594
S11312C009F4EEC1ABC220914C028FB7F894992770
S11312D02093BC018FBF60916202709163026F5FC3
S11312E07F4F709363026093620280910401992797
S11312F08430910559F18530910534F4823091059B
S113130059F00397B1F06AC08630910509F45EC0C4
S113131006970CF44BC062C080916F0190917001EC
S11313206817790708F47AC283E380934C0283E058
S113133052C08CEC80934C0284E0809304018FEFC4
S11313409FEF909363028093620268C2809162026D
S1131350282F33278091730190917401281739073E
S1131360F8F4E0914E02F0914F02E60FF71F20814E
S113137020934C028091BA019091BB01E7E7F1E020
S11313802927220FF11DE20FF11DC895982F802DFA
S11313903196C89590259093BB018093BA013EC2C3
S11313A08091BA0180934C0285E015C08091BA0106
S11313B09091BB01892F992780934C0286E08093FA
S11313C00401509363024093620228C264307105A1
S11313D008F424C287E08093040120C2BB98BA9821
S11313E00E9445061092640182EF9FE00E94B202BF
S11313F0882309F413C2AFC16A3A11F0653571F557
S113140020916F02309170022F5F3F4F3093700232
S113141020936F0280913602E82FFF27E656FF4F94
S1131420849199278217930708F0F8C110926902F2
S11314301092700210926F021092E0011092DF017C
S1131440109277011092BB011092BA0182E290E0EF
S1131450909326028093250284E07EC180916401EA
S1131460882309F4DBC18091300290913102019705
S11314709093310280933002181619060CF4CEC1F1
S1131480109248028FB7F894C82F2091E10130914F
S1131490E20120FD10C0C90181609093E2018093B4
S11314A0E1012115310539F4309376022093750258
S11314B080E00E942E09CFBF1092700210926F023A
S11314C083E04AC16A3A09F45EC0653509F45BC039
S11314D080914802882309F4A1C180913602E82F43
S11314E0FF27EA54FF4F8491282F3327809132023B
S11314F0909133022817390708F045C061EE80E067
S11315000E94C0058091DA01682F89E00E94C0051D
S11315108AEF90E0000000000000000000000000DE
S113152000000000019718161906A4F38091C80161
S1131530682F8BE00E94C00584E190E00000000069
S113154000000000000000000000000001971816D1
S11315501906A4F3BB9ABA9A10926302109262021B
S11315601092BB011092BA011092660182E080933E
S113157004012AEA20934C028FB7F8949927209308
S1131580BC018FBF4BC10E945C088F70907024E235
S113159030E0829FA001839F500D929F500D112433
S11315A0CA01820F931F9093310280933002D3C0FB
S11315B06A3A11F0653519F460938C012FC180915A
S11315C069029927009721F003970CF060C003C0CB
S11315D060938B015FC020918B0130918C01922F1D
S11315E0882790938C0180938B0160938B0110E08A
S11315F0220F331F67FD2160660F53E32C3C350730
S113160009F040C0E0912B02F0912C024481442364
S1131610B9F08FB7F894382F20914D0220FF06C0FF
S11316208FB7F8949927DA9A2E7F05C08FB7F8946C
S11316309927DA98216020934D028FBF3FBF27C0BE
S113164085E0809366018FB7F894C82F2091E1015B
S11316503091E20120FD10C0C90181609093E20144
S11316608093E1012115310539F4309376022093FA
S11316707502842F0E942E09CFBF87E0811B8093BF
S1131680770108C01F5F183008F4B2CF03C082E0AE
S113169080936601809169028F5F80936902BEC066
S11316A080918B0190918C01982F882790938C01C5
S11316B080938B0160938B0120918B0130918C017D
S11316C00090770102C0369527950A94E2F7622FBD
S11316D0E0912B02F0912C028091DF019091E001C6
S11316E0E80FF91F20834091DF015091E0014F5F23
S11316F05F4F5093E0014093DF0180912502909168
S113170026024817590798F58091BA019091BB01B8
S1131710E7E7F1E06927660FF11DE60FF11DC895B3
S1131720982F802D3196C89590259093BB01809376
S1131730BA014530510509F071C0E0912B02F091D6
S11317402C028481992790932602809325028E315E
S1131750910528F0148282E0809366015FC00097AF
S1131760F1F00596909326028093250257C04817FE
S11317705907E1F48091BA019091BB01E7E7F1E0E8
S11317806927660FF11DE60FF11DC895982F802D6E
S11317903196C89590259093BB018093BA0182E25B
S11317A090E09093E0018093DF0138C0443251050A
S11317B0A8F1E0912B02F0912C0222A133A1809197
S11317C0BA019091BB012817390729F481E090E010
S11317D082A393A302C012A213A20E94130CC2E01C
S11317E0C0936601E0912B02F0912C0280913202A9
S11317F09091330284A395A380EB9FE00E94B202F0
S1131800882361F4E0912B02F0912C028483C0932D
S1131810660180EC8DB9B8980E94640681E090E07E
S1131820CF911F9108956F98B89AC0980E9464064A
S113183081E090E0089578941F920F920FB60F9272
S113184011242F933F934F935F936F937F938F93C1
S11318509F93AF93BF93EF93FF938FB7F894282F81
S1131860332780917901882369F08091290280933C
S1131870490288608093290283BF80918A0181BFD5
S1131880109279012FBF87E090E10E94B202FF918C
S1131890EF91BF91AF919F918F917F916F915F91E4
S11318A04F913F912F910F900FBE0F901F9018955D
S11318B0382F80915E0299278230910509F46BC01C
S11318C0833091052CF4009759F0019781F1B7C149
S11318D08330910509F49CC0049709F459C1AFC140
S11318E03E3709F0AEC1809134029927FC01EE0F16
S11318F0FF1FEE0FFF1FE80FF91FE80FF91FE75C4A
S1131900FD4F82819381009709F09BC111829093CE
S11319108E0180938D0190936E0180936D0184817B
S1131920958190934B0280934A0281E085C13E37B2
S113193009F487C1809134029927FC01EE0FFF1F3F
S1131940EE0FFF1FE80FF91FE80FF91FE75CFD4FCB
S1131950308380918D0190918E01E7E7F1E0232F90
S11319602927220FF11DE20FF11DC895982F802D14
S11319703196C895902590938E0180938D01832F85
S113198099278134910529F08234910509F453C1D2
S113199056C182E051C13E3709F451C1609134020D
S11319A03D3781F4862F9927FC01EE0FFF1FEE0FC0
S11319B0FF1FE80FF91FE80FF91FE75CFD4F80E2F6
S11319C081833FC1862F9927FC01EE0FFF1FEE0F85
S11319D0FF1FE80FF91FE80FF91FE75CFD4F218196
S11319E02327218380918D0190918E01E7E7F1E017
S11319F02927220FF11DE20FF11DC895982F802D84
S1131A003196C895902590938E0180938D0113C1D2
S1131A1040916D0150916E014C32510508F0BAC0ED
S1131A203D3711F484E008C13E3709F07FC04230ED
S1131A30510508F45FC0E0914A02F0914B02E40FB3
S1131A40F51F82919927382F222782919927282BD5
S1131A50392B80918D0190918E0160913402281769
S1131A603907E1F4862F9927FC01EE0FFF1FEE0FD3
S1131A70FF1FE80FF91FE80FF91FE75CFD4F425005
S1131A805040428353838CEE90E10E94B2028091D5
S1131A9034028F5F81708093340210C0862F99279F
S1131AA0FC01EE0FFF1FEE0FFF1FE80FF91FE80FF9
S1131AB0F91FE75CFD4F1282138211828091340278
S1131AC09927FC01EE0FFF1FEE0FFF1FE80FF91F10
S1131AD0E80FF91FE75CFD4F82819381892BD9F4CC
S1131AE08481958190934B0280934A0281E0809394
S1131AF05E0213C0809134029927FC01EE0FFF1F90
S1131B00EE0FFF1FE80FF91FE80FF91FE75CFD4F09
S1131B1012821382118210925E0210928E01109230
S1131B208D0110926E0110926D018BC0E0914A02FA
S1131B30F0914B02E40FF51F308340916D015091F9
S1131B406E0142305105E8F020918D0130918E01F3
S1131B50E0914A02F0914B02E40FF51F3297808125
S1131B60E7E7F1E08327880FF11DE80FF11DC89521
S1131B70322F202D3196C895302530938E01209335
S1131B808D014F5F5F4F50936E0140936D0159C0BB
S1131B903E37D1F410928E0110928D0110926E0195
S1131BA010926D01809134029927FC01EE0FFF1F02
S1131BB0EE0FFF1FE80FF91FE80FF91FE75CFD4F59
S1131BC01282138211823BC080E28327E0914A0291
S1131BD0F0914B0220916D0130916E01E20FF31FE1
S1131BE0808340916D0150916E0142305105E8F0BF
S1131BF020918D0130918E01E0914A02F0914B02C7
S1131C00E40FF51F32978081E7E7F1E08327880F1F
S1131C10F11DE80FF11DC895322F202D3196C8957E
S1131C20302530938E0120938D014F5F5F4F509389
S1131C306E0140936D0183E080935E0202C01092B6
S1131C405E0281E090E008958FB7F894992720917F
S1131C502F0210922F028FBF222309F4A4C0809177
S1131C605F02873031F410925F0280E298E00E94B4
S1131C70B20221E080915F0299278430910509F432
S1131C806EC08530910554F48230910561F1833042
S1131C9091050CF058C0019749F07CC0863091053D
S1131CA009F471C006970CF463C074C082E0809399
S1131CB05F02209105013091060180916001E7E700
S1131CC0F1E08327880FF11DE80FF11DC895322F2D
S1131CD0202D3196C89530253093060120930501B7
S1131CE08091600154C0E091DC01F091DD0120910C
S1131CF0270230912802E20FF31F508180910501E1
S1131D0090910601E7E7F1E0452F4927440FF11DC3
S1131D10E40FF11DC895982F802D3196C895902514
S1131D2090930601809305012F5F3F4F3093280263
S1131D302093270280916701909168012817390741
S1131D4098F084E00FC08091660290E289270E9497
S1131D500B08282F8091470280935F021BC050918B
S1131D60050185E080935F02852F0E94D60E11C085
S1131D708091050190910601292F332786E08093F5
S1131D805F02822FF2CF87E080935F028EE70E948A
S1131D900B08282F213039F088E080935F0280E21D
S1131DA098E00E94B20281E090E00895982F8D5748
S1131DB0823078F48FB7F894282F332780915F020C
S1131DC08093470283E080935F02909366022FBF63
S1131DD09DE7892F0E940B08992708958FBF0895C6
S1131DE08FB7F894992708951F93CF93E0917501C5
S1131DF0F0917601808191818E379105C1F461E083
S1131E008FB7F8949091740292FD08C094609093F7
S1131E107402F0935E01E0935D0101C060E08FBF46
S1131E20613009F092C00E94AA07682F8EC011E0A9
S1131E308FB7F894C82F80916101882311F010E0C6
S1131E4018C010936101F0934F02E0934E02848115
S1131E509927059690937401809373010E945C08FE
S1131E608F77907084969093310280933002109310
S1131E706401CFBF112309F467C08FB7F894992781
S1131E80209166018FBF263009F05EC040916B023D
S1131E9050916C0260916D0270916E0241FF17C007
S1131EA08FB7F894282F3327DB01CA018D7F8093E5
S1131EB06B0290936C02A0936D02B0936E022FBFDD
S1131EC00097A105B10519F481E080932D026BE31D
S1131ED080E00E94C00580ED97E000000000000053
S1131EE00000000000000000000001971816190609
S1131EF0A4F369E380E00E94C00588EC90E0000050
S1131F000000000000000000000000000000019735
S1131F1018161906A4F30E944506BB98BA9880ECDB
S1131F208DB9B8980E94640620E230E040E050E0A9
S1131F3061E0862F0E9476068FB7F894282F332706
S1131F4082E0809366012FBF612F662331F4809174
S1131F507501909176010E945708CF911F910895C1
S1131F608FB7F894682F7727E0912B02F0912C0219
S1131F7017A210A684A195A19C01220F331F220F42
S1131F80331F280F391F40910E0250910F02CA01CE
S1131F90880F991F840F951F280F391F73E03695FA
S1131FA027957A95E1F730930F0220930E026FBFC5
S1131FB0CF010E94E3069C018FB7F894992721155D
S1131FC0310521F030932C0220932B02E0912B0257
S1131FD0F0912C0214828FBF80EC8DB9B8980E94C6
S1131FE0640608958FB7F8949927E0914E02F09112
S1131FF04F0217A210A68FBF61E0CF010E945708BD
S11320008FB7F8949927109261018FBF08958F922A
S11320109F92AF92BF92DF92EF92FF920F931F9322
S1132020CF93DF9381E080932D0280916B02909196
S11320306C02A0916D02B0916E020097A105B105EA
S113204009F484C0DD2403E112E0EE24FF2461E0FE
S113205070E00E2C02C0660F771F0A94E2F7CB01E2
S1132060AA2797FDA095BA2F80906B0290906C02DE
S1132070A0906D02B0906E0288219921AA21BB2103
S11320800097A105B10509F457C08091380299273A
S11320900196AA2797FDA095BA2FF80125813681CC
S11320A047815085281B390B4A0B5B0B25833683EC
S11320B0478350872330310541055105ECF5808174
S11320C0882369F481819281A381B481280F391F07
S11320D04A1F5B1F258336834783508713C0CB0178
S11320E080959095AA2797FDA095BA2F88229922CA
S11320F0AA22BB2280926B0290926C02A0926D0283
S1132100B0926E0280917102813019F48FEF809346
S11321107102909171029F5F909371028091780196
S11321208F5F80937801E92FFF27EE59FE4FD0820D
S11321308FE591E10E94B202D3940894E11CF11C52
S1132140075F1F4FF1E0FD1508F081CF0E940402E4
S1132150DF91CF911F910F91FF90EF90DF90BF908F
S1132160AF909F908F90089587B799278C7F0097A1
S113217019F080E090E01AC06F9918C0379B03C033
S113218088E090E013C087B7992783709070892BFB
S113219059F081B792B7891B803118F48CE190E033
S11321A005C088E190E002C080E190E0382F25B7B7
S11321B0237E8C3121F0883111F008C0000080B7F3
S11321C0992787709070892BC9F7237E232B25BF0D
S11321D085B7806285BF08950F931F93CF93DF93D4
S11321E09091610286E0989F80011124075C1D4F45
S11321F0F801C481D58182819381059780F1208182
S1132200822F99278134910559F08234910524F461
S11322108034910521F11DC08234910571F019C0FB
S113222081E090E08AA39BA3F80181818093370227
S113223088E491E10E94B20204C081E090E08AA3A4
S11322409BA3809102018B83CE010E94E306EC01E3
S113225006C0209365018AE292E10E94B2028FB720
S1132260F894282F3327209719F0F801C483D583D5
S1132270F801128213821182809161028F5F817052
S1132280809361022FBFDF91CF911F910F91089529
S11322902091370231E08FB7F8949091740291FD48
S11322A006C09260909374022093350201C030E01E
S11322B08FBF313011F40E94AA07089508951F9327
S11322C0CF93DF9390917801992319F482E090E001
S11322D015C080915F01813019F48FEF80935F0105
S11322E080915F018F5F80935F019150909378019B
S11322F0E82FFF27EE59FE4F80819927823008F09E
S1132300A5C0282F33272115310521F021303105AF
S113231071F09CC08091100290911102909365021B
S11323208093640230931102209310028FC0E091D5
S11323303602EE2309F48AC08FB7F89499272091C6
S11323406601109164018FBF33272230310521F0DB
S11323502630310591F172C08E2F9927880F991F6D
S1132360FC01EF55FF4F24913327D22FCC278E55F4
S11323709F4FFC0184919927C82BD92B112309F075
S11323805DC08FB7F894282F332786E080936601C9
S11323902FBFCE01AA27BB279C01AD0161E0862F88
S11323A00E947606612F8BE00E94C0056FE3812FA7
S11323B00E94C0050E94130C49C0FF27E155FF4F3E
S11323C08491C82FDD278FB7F894282F332782E014
S11323D0809366012FBF6BE380E00E94C00580ED0F
S11323E097E0000000000000000000000000000072
S11323F00000019718161906A4F369E380E00E940F
S1132400C00588EC90E0000000000000000000001F
S1132410000000000000019718161906A4F3BB98E9
S1132420BA980E94450680EC8DB9B8980E9464065B
S1132430CE01AA27BB279C01AD0104C020E230E0F5
S113244040E050E061E0862F0E947606DF91CF9154
S11324501F9108958FB7F894282F33278091740221
S11124608860809374022FBF0E94AA0708951B
S107246E00007D01E8
S9030000FC
